{"total": {"lines":{"total":4045,"covered":2997,"skipped":0,"pct":74.09},"statements":{"total":4045,"covered":2997,"skipped":0,"pct":74.09},"functions":{"total":197,"covered":104,"skipped":0,"pct":52.79},"branches":{"total":494,"covered":409,"skipped":0,"pct":82.79},"branchesTrue":{"total":0,"covered":0,"skipped":0,"pct":100}}
,"/workspace/src/App.tsx": {"lines":{"total":117,"covered":117,"skipped":0,"pct":100},"functions":{"total":4,"covered":4,"skipped":0,"pct":100},"statements":{"total":117,"covered":117,"skipped":0,"pct":100},"branches":{"total":11,"covered":11,"skipped":0,"pct":100}}
,"/workspace/src/components/auth/ProtectedRoute.tsx": {"lines":{"total":34,"covered":34,"skipped":0,"pct":100},"functions":{"total":1,"covered":1,"skipped":0,"pct":100},"statements":{"total":34,"covered":34,"skipped":0,"pct":100},"branches":{"total":7,"covered":7,"skipped":0,"pct":100}}
,"/workspace/src/components/auth/SignInForm.tsx": {"lines":{"total":52,"covered":52,"skipped":0,"pct":100},"functions":{"total":4,"covered":4,"skipped":0,"pct":100},"statements":{"total":52,"covered":52,"skipped":0,"pct":100},"branches":{"total":8,"covered":7,"skipped":0,"pct":87.5}}
,"/workspace/src/components/auth/SignUpForm.tsx": {"lines":{"total":150,"covered":150,"skipped":0,"pct":100},"functions":{"total":12,"covered":12,"skipped":0,"pct":100},"statements":{"total":150,"covered":150,"skipped":0,"pct":100},"branches":{"total":43,"covered":43,"skipped":0,"pct":100}}
,"/workspace/src/components/dashboard/StatsCard.tsx": {"lines":{"total":49,"covered":49,"skipped":0,"pct":100},"functions":{"total":1,"covered":1,"skipped":0,"pct":100},"statements":{"total":49,"covered":49,"skipped":0,"pct":100},"branches":{"total":13,"covered":13,"skipped":0,"pct":100}}
,"/workspace/src/components/dashboard/TeamQuickList.tsx": {"lines":{"total":61,"covered":29,"skipped":0,"pct":47.54},"functions":{"total":1,"covered":1,"skipped":0,"pct":100},"statements":{"total":61,"covered":29,"skipped":0,"pct":47.54},"branches":{"total":6,"covered":1,"skipped":0,"pct":16.66}}
,"/workspace/src/components/equipment/EquipmentHeader.tsx": {"lines":{"total":32,"covered":32,"skipped":0,"pct":100},"functions":{"total":1,"covered":1,"skipped":0,"pct":100},"statements":{"total":32,"covered":32,"skipped":0,"pct":100},"branches":{"total":9,"covered":9,"skipped":0,"pct":100}}
,"/workspace/src/components/equipment/EquipmentSortHeader.tsx": {"lines":{"total":69,"covered":67,"skipped":0,"pct":97.1},"functions":{"total":3,"covered":3,"skipped":0,"pct":100},"statements":{"total":69,"covered":67,"skipped":0,"pct":97.1},"branches":{"total":9,"covered":8,"skipped":0,"pct":88.88}}
,"/workspace/src/components/equipment/ImportCsvWizard.tsx": {"lines":{"total":344,"covered":111,"skipped":0,"pct":32.26},"functions":{"total":9,"covered":3,"skipped":0,"pct":33.33},"statements":{"total":344,"covered":111,"skipped":0,"pct":32.26},"branches":{"total":8,"covered":3,"skipped":0,"pct":37.5}}
,"/workspace/src/components/equipment/QRCodeDisplay.tsx": {"lines":{"total":149,"covered":148,"skipped":0,"pct":99.32},"functions":{"total":6,"covered":6,"skipped":0,"pct":100},"statements":{"total":149,"covered":148,"skipped":0,"pct":99.32},"branches":{"total":34,"covered":26,"skipped":0,"pct":76.47}}
,"/workspace/src/components/organization/ChecklistTemplateEditor.tsx": {"lines":{"total":278,"covered":198,"skipped":0,"pct":71.22},"functions":{"total":23,"covered":5,"skipped":0,"pct":21.73},"statements":{"total":278,"covered":198,"skipped":0,"pct":71.22},"branches":{"total":35,"covered":32,"skipped":0,"pct":91.42}}
,"/workspace/src/components/pm-templates/TemplateAssignmentDialog.tsx": {"lines":{"total":115,"covered":104,"skipped":0,"pct":90.43},"functions":{"total":7,"covered":6,"skipped":0,"pct":85.71},"statements":{"total":115,"covered":104,"skipped":0,"pct":90.43},"branches":{"total":29,"covered":25,"skipped":0,"pct":86.2}}
,"/workspace/src/components/providers/AppProviders.tsx": {"lines":{"total":20,"covered":20,"skipped":0,"pct":100},"functions":{"total":1,"covered":1,"skipped":0,"pct":100},"statements":{"total":20,"covered":20,"skipped":0,"pct":100},"branches":{"total":1,"covered":1,"skipped":0,"pct":100}}
,"/workspace/src/components/work-orders/PMProgressIndicator.tsx": {"lines":{"total":34,"covered":34,"skipped":0,"pct":100},"functions":{"total":2,"covered":2,"skipped":0,"pct":100},"statements":{"total":34,"covered":34,"skipped":0,"pct":100},"branches":{"total":17,"covered":17,"skipped":0,"pct":100}}
,"/workspace/src/components/work-orders/WorkOrderAcceptanceModal.tsx": {"lines":{"total":152,"covered":106,"skipped":0,"pct":69.73},"functions":{"total":3,"covered":2,"skipped":0,"pct":66.66},"statements":{"total":152,"covered":106,"skipped":0,"pct":69.73},"branches":{"total":17,"covered":6,"skipped":0,"pct":35.29}}
,"/workspace/src/contexts/AuthContext.tsx": {"lines":{"total":121,"covered":118,"skipped":0,"pct":97.52},"functions":{"total":5,"covered":5,"skipped":0,"pct":100},"statements":{"total":121,"covered":118,"skipped":0,"pct":97.52},"branches":{"total":24,"covered":19,"skipped":0,"pct":79.16}}
,"/workspace/src/contexts/OrganizationContext.tsx": {"lines":{"total":1,"covered":1,"skipped":0,"pct":100},"functions":{"total":0,"covered":0,"skipped":0,"pct":100},"statements":{"total":1,"covered":1,"skipped":0,"pct":100},"branches":{"total":0,"covered":0,"skipped":0,"pct":100}}
,"/workspace/src/contexts/SessionContext.tsx": {"lines":{"total":92,"covered":86,"skipped":0,"pct":93.47},"functions":{"total":2,"covered":2,"skipped":0,"pct":100},"statements":{"total":92,"covered":86,"skipped":0,"pct":93.47},"branches":{"total":14,"covered":14,"skipped":0,"pct":100}}
,"/workspace/src/contexts/SimpleOrganizationContext.tsx": {"lines":{"total":2,"covered":2,"skipped":0,"pct":100},"functions":{"total":0,"covered":0,"skipped":0,"pct":100},"statements":{"total":2,"covered":2,"skipped":0,"pct":100},"branches":{"total":0,"covered":0,"skipped":0,"pct":100}}
,"/workspace/src/contexts/SimpleOrganizationProvider.tsx": {"lines":{"total":205,"covered":3,"skipped":0,"pct":1.46},"functions":{"total":1,"covered":0,"skipped":0,"pct":0},"statements":{"total":205,"covered":3,"skipped":0,"pct":1.46},"branches":{"total":0,"covered":0,"skipped":0,"pct":100}}
,"/workspace/src/integrations/supabase/client.ts": {"lines":{"total":21,"covered":18,"skipped":0,"pct":85.71},"functions":{"total":0,"covered":0,"skipped":0,"pct":100},"statements":{"total":21,"covered":18,"skipped":0,"pct":85.71},"branches":{"total":1,"covered":0,"skipped":0,"pct":0}}
,"/workspace/src/lib/queryKeys.ts": {"lines":{"total":73,"covered":47,"skipped":0,"pct":64.38},"functions":{"total":16,"covered":1,"skipped":0,"pct":6.25},"statements":{"total":73,"covered":47,"skipped":0,"pct":64.38},"branches":{"total":1,"covered":1,"skipped":0,"pct":100}}
,"/workspace/src/lib/safeJsonParse.ts": {"lines":{"total":17,"covered":17,"skipped":0,"pct":100},"functions":{"total":1,"covered":1,"skipped":0,"pct":100},"statements":{"total":17,"covered":17,"skipped":0,"pct":100},"branches":{"total":5,"covered":5,"skipped":0,"pct":100}}
,"/workspace/src/lib/utils.ts": {"lines":{"total":26,"covered":7,"skipped":0,"pct":26.92},"functions":{"total":3,"covered":1,"skipped":0,"pct":33.33},"statements":{"total":26,"covered":7,"skipped":0,"pct":26.92},"branches":{"total":1,"covered":1,"skipped":0,"pct":100}}
,"/workspace/src/pages/Dashboard.tsx": {"lines":{"total":191,"covered":158,"skipped":0,"pct":82.72},"functions":{"total":1,"covered":1,"skipped":0,"pct":100},"statements":{"total":191,"covered":158,"skipped":0,"pct":82.72},"branches":{"total":32,"covered":24,"skipped":0,"pct":75}}
,"/workspace/src/pages/DebugAuth.tsx": {"lines":{"total":34,"covered":6,"skipped":0,"pct":17.64},"functions":{"total":1,"covered":0,"skipped":0,"pct":0},"statements":{"total":34,"covered":6,"skipped":0,"pct":17.64},"branches":{"total":0,"covered":0,"skipped":0,"pct":100}}
,"/workspace/src/pages/Equipment.tsx": {"lines":{"total":141,"covered":113,"skipped":0,"pct":80.14},"functions":{"total":7,"covered":2,"skipped":0,"pct":28.57},"statements":{"total":141,"covered":113,"skipped":0,"pct":80.14},"branches":{"total":13,"covered":11,"skipped":0,"pct":84.61}}
,"/workspace/src/pages/PMTemplates.tsx": {"lines":{"total":284,"covered":274,"skipped":0,"pct":96.47},"functions":{"total":19,"covered":11,"skipped":0,"pct":57.89},"statements":{"total":284,"covered":274,"skipped":0,"pct":96.47},"branches":{"total":48,"covered":41,"skipped":0,"pct":85.41}}
,"/workspace/src/pages/PrivacyPolicy.tsx": {"lines":{"total":107,"covered":107,"skipped":0,"pct":100},"functions":{"total":1,"covered":1,"skipped":0,"pct":100},"statements":{"total":107,"covered":107,"skipped":0,"pct":100},"branches":{"total":1,"covered":1,"skipped":0,"pct":100}}
,"/workspace/src/pages/QRRedirect.tsx": {"lines":{"total":9,"covered":9,"skipped":0,"pct":100},"functions":{"total":1,"covered":1,"skipped":0,"pct":100},"statements":{"total":9,"covered":9,"skipped":0,"pct":100},"branches":{"total":1,"covered":1,"skipped":0,"pct":100}}
,"/workspace/src/pages/TeamDetails.tsx": {"lines":{"total":132,"covered":101,"skipped":0,"pct":76.51},"functions":{"total":9,"covered":1,"skipped":0,"pct":11.11},"statements":{"total":132,"covered":101,"skipped":0,"pct":76.51},"branches":{"total":4,"covered":1,"skipped":0,"pct":25}}
,"/workspace/src/pages/Teams.tsx": {"lines":{"total":155,"covered":145,"skipped":0,"pct":93.54},"functions":{"total":8,"covered":5,"skipped":0,"pct":62.5},"statements":{"total":155,"covered":145,"skipped":0,"pct":93.54},"branches":{"total":22,"covered":11,"skipped":0,"pct":50}}
,"/workspace/src/pages/TermsOfService.tsx": {"lines":{"total":110,"covered":110,"skipped":0,"pct":100},"functions":{"total":1,"covered":1,"skipped":0,"pct":100},"statements":{"total":110,"covered":110,"skipped":0,"pct":100},"branches":{"total":1,"covered":1,"skipped":0,"pct":100}}
,"/workspace/src/pages/WorkOrders.tsx": {"lines":{"total":163,"covered":132,"skipped":0,"pct":80.98},"functions":{"total":13,"covered":4,"skipped":0,"pct":30.76},"statements":{"total":163,"covered":132,"skipped":0,"pct":80.98},"branches":{"total":19,"covered":14,"skipped":0,"pct":73.68}}
,"/workspace/src/types/csvImport.ts": {"lines":{"total":8,"covered":8,"skipped":0,"pct":100},"functions":{"total":0,"covered":0,"skipped":0,"pct":100},"statements":{"total":8,"covered":8,"skipped":0,"pct":100},"branches":{"total":0,"covered":0,"skipped":0,"pct":100}}
,"/workspace/src/types/equipment.ts": {"lines":{"total":55,"covered":34,"skipped":0,"pct":61.81},"functions":{"total":1,"covered":0,"skipped":0,"pct":0},"statements":{"total":55,"covered":34,"skipped":0,"pct":61.81},"branches":{"total":0,"covered":0,"skipped":0,"pct":100}}
,"/workspace/src/utils/basicDateFormatter.ts": {"lines":{"total":46,"covered":40,"skipped":0,"pct":86.95},"functions":{"total":3,"covered":3,"skipped":0,"pct":100},"statements":{"total":46,"covered":40,"skipped":0,"pct":86.95},"branches":{"total":11,"covered":8,"skipped":0,"pct":72.72}}
,"/workspace/src/utils/csvImportUtils.ts": {"lines":{"total":253,"covered":115,"skipped":0,"pct":45.45},"functions":{"total":14,"covered":4,"skipped":0,"pct":28.57},"statements":{"total":253,"covered":115,"skipped":0,"pct":45.45},"branches":{"total":18,"covered":16,"skipped":0,"pct":88.88}}
,"/workspace/src/utils/currencyUtils.ts": {"lines":{"total":7,"covered":7,"skipped":0,"pct":100},"functions":{"total":1,"covered":1,"skipped":0,"pct":100},"statements":{"total":7,"covered":7,"skipped":0,"pct":100},"branches":{"total":1,"covered":1,"skipped":0,"pct":100}}
,"/workspace/src/utils/equipmentHelpers.ts": {"lines":{"total":25,"covered":25,"skipped":0,"pct":100},"functions":{"total":2,"covered":2,"skipped":0,"pct":100},"statements":{"total":25,"covered":25,"skipped":0,"pct":100},"branches":{"total":12,"covered":12,"skipped":0,"pct":100}}
,"/workspace/src/utils/sessionPersistence.ts": {"lines":{"total":57,"covered":9,"skipped":0,"pct":15.78},"functions":{"total":6,"covered":2,"skipped":0,"pct":33.33},"statements":{"total":57,"covered":9,"skipped":0,"pct":15.78},"branches":{"total":2,"covered":2,"skipped":0,"pct":100}}
,"/workspace/src/utils/validationHelpers.ts": {"lines":{"total":54,"covered":54,"skipped":0,"pct":100},"functions":{"total":3,"covered":3,"skipped":0,"pct":100},"statements":{"total":54,"covered":54,"skipped":0,"pct":100},"branches":{"total":16,"covered":16,"skipped":0,"pct":100}}
}
