TN:
SF:src\App.tsx
FN:42,BrandedTopBar
FN:47,RedirectToEquipment
FN:52,RedirectToWorkOrder
FN:57,App
FNF:4
FNH:4
FNDA:2,BrandedTopBar
FNDA:1,RedirectToEquipment
FNDA:1,RedirectToWorkOrder
FNDA:10,App
DA:1,1
DA:2,1
DA:3,1
DA:4,1
DA:5,1
DA:6,1
DA:7,1
DA:8,1
DA:10,1
DA:11,1
DA:12,1
DA:13,1
DA:15,1
DA:16,1
DA:17,1
DA:18,1
DA:19,1
DA:20,1
DA:21,1
DA:22,1
DA:23,1
DA:24,1
DA:25,1
DA:26,1
DA:27,1
DA:28,1
DA:29,1
DA:30,1
DA:31,1
DA:32,1
DA:33,1
DA:34,1
DA:35,1
DA:36,1
DA:37,1
DA:38,1
DA:39,1
DA:42,1
DA:43,2
DA:44,2
DA:46,1
DA:47,1
DA:48,1
DA:49,1
DA:50,1
DA:52,1
DA:53,1
DA:54,1
DA:55,1
DA:57,10
DA:58,10
DA:59,10
DA:60,10
DA:62,10
DA:63,10
DA:64,10
DA:67,10
DA:68,10
DA:69,10
DA:70,10
DA:71,10
DA:74,10
DA:75,10
DA:76,10
DA:77,10
DA:78,10
DA:79,10
DA:84,10
DA:85,10
DA:86,10
DA:87,10
DA:88,10
DA:89,10
DA:96,10
DA:97,10
DA:98,10
DA:99,10
DA:100,10
DA:101,10
DA:102,10
DA:103,10
DA:104,10
DA:105,10
DA:106,10
DA:109,10
DA:111,10
DA:112,10
DA:113,10
DA:114,10
DA:117,10
DA:119,10
DA:120,10
DA:121,10
DA:122,10
DA:123,10
DA:124,10
DA:128,10
DA:129,10
DA:130,10
DA:131,10
DA:132,10
DA:133,10
DA:134,10
DA:135,10
DA:136,10
DA:137,10
DA:138,10
DA:139,10
DA:140,10
DA:141,10
DA:142,10
DA:143,10
DA:144,10
DA:148,10
DA:149,10
DA:162,10
DA:164,1
LF:117
LH:117
BRDA:16,0,0,1
BRDA:17,1,0,1
BRDA:18,2,0,1
BRDA:19,3,0,1
BRDA:33,4,0,1
BRDA:37,5,0,1
BRDA:38,6,0,1
BRDA:42,7,0,2
BRDA:47,8,0,1
BRDA:52,9,0,1
BRDA:57,10,0,10
BRF:11
BRH:11
end_of_record
TN:
SF:src\components\auth\ProtectedRoute.tsx
FN:11,ProtectedRoute
FNF:1
FNH:1
FNDA:13,ProtectedRoute
DA:1,1
DA:2,1
DA:3,1
DA:4,1
DA:5,1
DA:11,1
DA:12,13
DA:14,13
DA:15,13
DA:16,13
DA:17,13
DA:18,13
DA:19,13
DA:20,13
DA:21,13
DA:23,13
DA:24,3
DA:25,3
DA:26,3
DA:27,3
DA:28,3
DA:32,3
DA:34,13
DA:35,3
DA:36,3
DA:37,3
DA:38,3
DA:39,3
DA:41,7
DA:42,7
DA:43,7
DA:44,7
DA:45,7
DA:47,1
LF:34
LH:34
BRDA:11,0,0,13
BRDA:17,1,0,7
BRDA:17,2,0,6
BRDA:23,3,0,3
BRDA:32,4,0,10
BRDA:34,5,0,3
BRDA:39,6,0,7
BRF:7
BRH:7
end_of_record
TN:
SF:src\components\auth\SignInForm.tsx
FN:15,SignInForm
FN:22,handleSubmit
FN:49,onChange
FN:59,onChange
FNF:4
FNH:4
FNDA:182,SignInForm
FNDA:5,handleSubmit
FNDA:97,onChange
FNDA:69,onChange
DA:1,1
DA:2,1
DA:3,1
DA:4,1
DA:5,1
DA:6,1
DA:7,1
DA:15,1
DA:16,182
DA:17,182
DA:18,182
DA:19,182
DA:20,182
DA:22,182
DA:23,5
DA:25,5
DA:27,5
DA:28,5
DA:30,5
DA:31,5
DA:33,5
DA:34,1
DA:35,1
DA:36,5
DA:37,5
DA:38,5
DA:39,5
DA:41,182
DA:42,182
DA:43,182
DA:44,182
DA:45,182
DA:46,182
DA:47,182
DA:48,182
DA:49,182
DA:50,182
DA:53,182
DA:54,182
DA:55,182
DA:56,182
DA:57,182
DA:58,182
DA:59,182
DA:60,182
DA:63,182
DA:64,182
DA:65,182
DA:66,182
DA:68,182
DA:73,182
DA:75,1
LF:52
LH:52
BRDA:15,0,0,182
BRDA:22,1,0,5
BRDA:25,2,0,0
BRDA:33,3,0,1
BRDA:49,4,0,97
BRDA:49,5,0,97
BRDA:59,6,0,69
BRDA:59,7,0,69
BRF:8
BRH:7
end_of_record
TN:
SF:src\components\auth\SignUpForm.tsx
FN:18,SignUpForm
FN:29,handleInputChange
FN:45,isFormValid
FN:55,handleSubmit
FN:95,handleHCaptchaVerify
FN:99,handleHCaptchaError
FN:104,handleHCaptchaExpire
FN:117,onChange
FN:128,onChange
FN:139,onChange
FN:151,onChange
FN:167,onChange
FNF:12
FNH:12
FNDA:1112,SignUpForm
FNDA:1062,handleInputChange
FNDA:1118,isFormValid
FNDA:8,handleSubmit
FNDA:11,handleHCaptchaVerify
FNDA:1,handleHCaptchaError
FNDA:1,handleHCaptchaExpire
FNDA:312,onChange
FNDA:224,onChange
FNDA:157,onChange
FNDA:191,onChange
FNDA:178,onChange
DA:1,1
DA:2,1
DA:3,1
DA:4,1
DA:5,1
DA:7,1
DA:8,1
DA:9,1
DA:18,1
DA:19,1112
DA:20,1112
DA:21,1112
DA:22,1112
DA:23,1112
DA:24,1112
DA:25,1112
DA:26,1112
DA:27,1112
DA:29,1112
DA:30,1062
DA:32,1062
DA:33,1062
DA:34,369
DA:35,369
DA:37,369
DA:38,186
DA:39,369
DA:40,183
DA:41,183
DA:42,369
DA:43,1062
DA:45,1112
DA:46,1118
DA:47,926
DA:48,614
DA:49,1118
DA:50,140
DA:51,140
DA:52,30
DA:53,1118
DA:55,1112
DA:56,8
DA:58,8
DA:59,1
DA:60,1
DA:61,1
DA:63,7
DA:65,7
DA:66,7
DA:68,7
DA:69,7
DA:70,7
DA:71,7
DA:72,7
DA:73,7
DA:74,7
DA:75,7
DA:76,7
DA:77,7
DA:78,7
DA:79,7
DA:81,8
DA:82,2
DA:83,2
DA:84,8
DA:85,3
DA:86,3
DA:87,8
DA:88,2
DA:89,2
DA:90,2
DA:92,7
DA:93,7
DA:95,1112
DA:96,11
DA:97,11
DA:99,1112
DA:100,1
DA:101,1
DA:102,1
DA:104,1112
DA:105,1
DA:106,1
DA:107,1
DA:109,1112
DA:110,1112
DA:111,1112
DA:112,1112
DA:113,1112
DA:114,1112
DA:115,1112
DA:116,1112
DA:117,1112
DA:118,1112
DA:122,1112
DA:123,1112
DA:124,1112
DA:125,1112
DA:126,1112
DA:127,1112
DA:128,1112
DA:129,1112
DA:133,1112
DA:134,1112
DA:135,1112
DA:136,1112
DA:137,1112
DA:138,1112
DA:139,1112
DA:140,1112
DA:141,1112
DA:145,1112
DA:146,1112
DA:147,1112
DA:148,1112
DA:149,1112
DA:150,1112
DA:151,1112
DA:152,1112
DA:153,1112
DA:155,1112
DA:156,1112
DA:160,1112
DA:161,1112
DA:162,1112
DA:163,1112
DA:164,1112
DA:165,1112
DA:166,1112
DA:167,1112
DA:168,1112
DA:169,1112
DA:171,1112
DA:172,1112
DA:173,1112
DA:174,29
DA:176,1112
DA:181,1112
DA:182,1112
DA:186,1112
DA:187,1112
DA:188,1112
DA:189,1112
DA:192,1112
DA:193,1112
DA:194,1112
DA:195,1112
DA:197,1112
DA:202,1112
DA:204,1
LF:150
LH:150
BRDA:18,0,0,1112
BRDA:155,1,0,374
BRDA:169,2,0,173
BRDA:169,3,0,939
BRDA:169,4,0,29
BRDA:169,5,0,910
BRDA:173,6,0,29
BRDA:195,7,0,1110
BRDA:29,8,0,1062
BRDA:33,9,0,871
BRDA:33,10,0,369
BRDA:34,11,0,191
BRDA:34,12,0,178
BRDA:35,13,0,178
BRDA:35,14,0,191
BRDA:37,15,0,186
BRDA:39,16,0,183
BRDA:30,17,0,1062
BRDA:45,18,0,1118
BRDA:46,19,0,926
BRDA:47,20,0,614
BRDA:48,21,0,206
BRDA:49,22,0,140
BRDA:50,23,0,140
BRDA:51,24,0,30
BRDA:55,25,0,8
BRDA:58,26,0,1
BRDA:61,27,0,7
BRDA:79,28,0,5
BRDA:81,29,0,2
BRDA:84,30,0,3
BRDA:87,31,0,2
BRDA:88,32,0,1
BRDA:88,33,0,1
BRDA:90,34,0,7
BRDA:95,35,0,11
BRDA:99,36,0,1
BRDA:104,37,0,1
BRDA:117,38,0,312
BRDA:128,39,0,224
BRDA:139,40,0,157
BRDA:151,41,0,191
BRDA:167,42,0,178
BRF:43
BRH:43
end_of_record
TN:
SF:src\components\dashboard\StatsCard.tsx
FN:23,StatsCard
FNF:1
FNH:1
FNDA:29,StatsCard
DA:1,1
DA:23,1
DA:24,29
DA:25,29
DA:26,29
DA:27,29
DA:28,29
DA:29,29
DA:30,29
DA:31,29
DA:32,29
DA:33,29
DA:34,29
DA:35,29
DA:36,29
DA:37,29
DA:39,29
DA:41,29
DA:42,29
DA:43,29
DA:44,6
DA:46,29
DA:49,29
DA:50,29
DA:51,6
DA:52,6
DA:53,6
DA:56,6
DA:57,29
DA:58,29
DA:60,29
DA:61,29
DA:62,29
DA:65,29
DA:66,29
DA:67,29
DA:68,29
DA:69,29
DA:70,29
DA:72,29
DA:73,29
DA:74,29
DA:75,29
DA:77,29
DA:86,29
DA:87,17
DA:88,17
DA:90,12
DA:91,12
LF:49
LH:49
BRDA:23,0,0,29
BRDA:37,1,0,18
BRDA:43,2,0,6
BRDA:50,3,0,6
BRDA:68,4,0,1
BRDA:69,5,0,1
BRDA:70,6,0,1
BRDA:73,7,0,1
BRDA:74,8,0,1
BRDA:75,9,0,1
BRDA:86,10,0,18
BRDA:86,11,0,17
BRDA:88,12,0,12
BRF:13
BRH:13
end_of_record
TN:
SF:src\components\dashboard\TeamQuickList.tsx
FN:9,TeamQuickList
FNF:1
FNH:1
FNDA:4,TeamQuickList
DA:1,1
DA:2,1
DA:3,1
DA:4,1
DA:5,1
DA:6,1
DA:7,1
DA:9,1
DA:10,4
DA:11,4
DA:12,4
DA:14,4
DA:15,4
DA:17,4
DA:18,4
DA:19,4
DA:21,4
DA:22,0
DA:23,0
DA:25,4
DA:26,0
DA:27,0
DA:28,0
DA:29,0
DA:30,0
DA:33,0
DA:37,0
DA:38,0
DA:39,0
DA:40,0
DA:46,0
DA:48,4
DA:49,4
DA:50,4
DA:51,4
DA:52,4
DA:53,4
DA:56,4
DA:60,4
DA:61,4
DA:65,4
DA:67,0
DA:68,0
DA:69,0
DA:70,0
DA:71,0
DA:74,0
DA:78,0
DA:79,0
DA:80,0
DA:81,0
DA:82,0
DA:83,0
DA:84,0
DA:86,0
DA:87,0
DA:88,0
DA:89,0
DA:92,0
DA:99,0
DA:101,1
LF:61
LH:29
BRDA:9,0,0,4
BRDA:19,1,0,0
BRDA:19,2,0,0
BRDA:21,3,0,0
BRDA:25,4,0,0
BRDA:65,5,0,0
BRF:6
BRH:1
end_of_record
TN:
SF:src\components\equipment\EquipmentHeader.tsx
FN:14,EquipmentHeader
FNF:1
FNH:1
FNDA:15,EquipmentHeader
DA:1,1
DA:2,1
DA:3,1
DA:4,1
DA:14,1
DA:15,15
DA:16,15
DA:17,15
DA:18,15
DA:19,15
DA:20,15
DA:21,15
DA:23,15
DA:24,15
DA:25,15
DA:26,15
DA:27,15
DA:28,15
DA:31,15
DA:32,15
DA:33,15
DA:34,15
DA:35,15
DA:36,15
DA:38,15
DA:42,15
DA:43,15
DA:44,15
DA:45,15
DA:47,15
DA:54,15
DA:56,1
LF:32
LH:32
BRDA:14,0,0,15
BRDA:24,1,0,3
BRDA:24,2,0,12
BRDA:31,3,0,3
BRDA:31,4,0,12
BRDA:36,5,0,2
BRDA:36,6,0,4
BRDA:45,7,0,3
BRDA:45,8,0,9
BRF:9
BRH:9
end_of_record
TN:
SF:src\components\equipment\EquipmentSortHeader.tsx
FN:17,EquipmentSortHeader
FN:39,getSortIcon
FN:94,onClick
FNF:3
FNH:3
FNDA:24,EquipmentSortHeader
FNDA:48,getSortIcon
FNDA:1,onClick
DA:1,1
DA:2,1
DA:3,1
DA:4,1
DA:17,1
DA:18,24
DA:19,24
DA:20,24
DA:21,24
DA:22,24
DA:23,24
DA:24,24
DA:25,24
DA:26,24
DA:27,24
DA:28,24
DA:29,24
DA:30,24
DA:31,24
DA:32,24
DA:33,24
DA:34,24
DA:35,24
DA:36,24
DA:37,24
DA:39,24
DA:40,48
DA:41,0
DA:42,0
DA:43,48
DA:44,46
DA:45,48
DA:46,48
DA:48,24
DA:49,24
DA:50,24
DA:51,24
DA:52,24
DA:53,24
DA:55,24
DA:56,24
DA:57,24
DA:58,24
DA:59,24
DA:60,24
DA:61,24
DA:63,24
DA:64,24
DA:69,24
DA:70,24
DA:71,24
DA:72,24
DA:73,24
DA:75,24
DA:76,24
DA:77,24
DA:78,24
DA:79,24
DA:80,24
DA:81,24
DA:82,24
DA:91,24
DA:92,24
DA:93,24
DA:94,24
DA:95,24
DA:97,24
DA:102,24
DA:104,1
LF:69
LH:67
BRDA:17,0,0,24
BRDA:55,1,0,6
BRDA:60,2,0,4
BRDA:64,3,0,1
BRDA:64,4,0,4
BRDA:39,5,0,48
BRDA:40,6,0,0
BRDA:43,7,0,46
BRDA:94,8,0,1
BRF:9
BRH:8
end_of_record
TN:
SF:src\components\equipment\ImportCsvWizard.tsx
FN:25,ImportCsvWizard
FN:310,getStepIcon
FN:316,renderStepContent
FN:332,onMappingsChange
FN:335,onTeamChange
FN:337,onBack
FN:345,onBack
FN:348,onDownloadErrors
FN:370,onDownloadErrors
FNF:9
FNH:3
FNDA:3,ImportCsvWizard
FNDA:9,getStepIcon
FNDA:3,renderStepContent
FNDA:0,onMappingsChange
FNDA:0,onTeamChange
FNDA:0,onBack
FNDA:0,onBack
FNDA:0,onDownloadErrors
FNDA:0,onDownloadErrors
DA:1,1
DA:2,1
DA:3,1
DA:4,1
DA:5,1
DA:6,1
DA:7,1
DA:8,1
DA:10,1
DA:11,1
DA:12,1
DA:13,1
DA:16,1
DA:25,1
DA:26,3
DA:27,3
DA:28,3
DA:29,3
DA:30,3
DA:31,3
DA:32,3
DA:33,3
DA:35,3
DA:36,3
DA:37,3
DA:38,3
DA:39,3
DA:40,3
DA:41,3
DA:42,3
DA:43,3
DA:44,3
DA:45,3
DA:46,3
DA:47,3
DA:48,3
DA:49,3
DA:50,3
DA:51,3
DA:52,3
DA:53,3
DA:55,3
DA:56,0
DA:57,0
DA:58,0
DA:59,0
DA:60,0
DA:61,0
DA:62,0
DA:63,0
DA:64,0
DA:65,0
DA:66,0
DA:67,0
DA:68,0
DA:69,0
DA:70,0
DA:71,0
DA:72,0
DA:73,0
DA:74,0
DA:75,3
DA:77,3
DA:78,0
DA:79,0
DA:80,0
DA:81,0
DA:82,0
DA:83,0
DA:84,0
DA:85,0
DA:87,0
DA:88,0
DA:89,0
DA:90,0
DA:91,0
DA:93,0
DA:94,0
DA:95,3
DA:97,3
DA:98,0
DA:99,0
DA:100,0
DA:101,0
DA:102,0
DA:103,0
DA:104,0
DA:105,0
DA:107,0
DA:108,0
DA:109,0
DA:111,0
DA:112,0
DA:113,0
DA:114,0
DA:115,0
DA:116,0
DA:117,0
DA:118,0
DA:119,0
DA:120,0
DA:121,0
DA:122,0
DA:123,0
DA:124,0
DA:126,0
DA:128,0
DA:129,0
DA:130,0
DA:131,0
DA:132,0
DA:133,0
DA:134,0
DA:135,0
DA:137,0
DA:138,0
DA:139,0
DA:140,0
DA:141,0
DA:142,0
DA:143,0
DA:144,0
DA:146,0
DA:147,0
DA:149,0
DA:150,0
DA:151,0
DA:152,0
DA:153,0
DA:154,0
DA:155,0
DA:156,0
DA:157,0
DA:158,0
DA:159,0
DA:160,0
DA:161,0
DA:162,0
DA:163,0
DA:164,0
DA:165,0
DA:166,0
DA:167,0
DA:169,0
DA:170,0
DA:171,0
DA:172,0
DA:173,0
DA:174,0
DA:175,0
DA:177,0
DA:178,3
DA:180,3
DA:181,0
DA:183,0
DA:184,0
DA:185,0
DA:186,0
DA:187,0
DA:188,0
DA:189,0
DA:190,0
DA:191,0
DA:192,0
DA:193,0
DA:195,0
DA:196,0
DA:197,0
DA:199,0
DA:200,0
DA:201,0
DA:202,0
DA:203,0
DA:204,0
DA:205,0
DA:206,0
DA:207,0
DA:208,0
DA:209,0
DA:210,0
DA:211,0
DA:212,3
DA:214,3
DA:215,0
DA:217,0
DA:218,0
DA:219,0
DA:220,0
DA:221,0
DA:222,0
DA:223,0
DA:224,0
DA:225,0
DA:227,0
DA:228,0
DA:230,0
DA:231,0
DA:232,0
DA:234,0
DA:235,0
DA:236,0
DA:237,0
DA:239,0
DA:240,0
DA:241,0
DA:243,0
DA:244,0
DA:245,0
DA:246,0
DA:247,0
DA:248,0
DA:249,0
DA:250,0
DA:251,0
DA:252,0
DA:253,0
DA:255,0
DA:256,0
DA:257,0
DA:259,0
DA:260,0
DA:261,0
DA:262,0
DA:263,0
DA:264,0
DA:265,0
DA:267,0
DA:268,0
DA:269,0
DA:270,0
DA:271,0
DA:272,0
DA:273,0
DA:274,0
DA:276,0
DA:277,0
DA:278,0
DA:279,0
DA:280,0
DA:281,0
DA:282,0
DA:283,0
DA:284,0
DA:285,0
DA:287,0
DA:288,0
DA:289,0
DA:290,0
DA:292,0
DA:293,0
DA:294,0
DA:295,0
DA:296,0
DA:297,0
DA:298,0
DA:299,0
DA:300,0
DA:302,0
DA:303,0
DA:304,0
DA:305,0
DA:306,0
DA:307,0
DA:308,3
DA:310,3
DA:311,9
DA:312,9
DA:313,9
DA:314,9
DA:316,3
DA:317,3
DA:318,3
DA:319,3
DA:320,3
DA:321,3
DA:322,3
DA:323,3
DA:324,3
DA:327,3
DA:328,3
DA:329,3
DA:330,3
DA:331,3
DA:332,3
DA:333,3
DA:334,3
DA:335,3
DA:336,3
DA:337,3
DA:340,3
DA:341,3
DA:342,3
DA:343,3
DA:344,3
DA:345,3
DA:346,3
DA:347,3
DA:348,3
DA:349,0
DA:350,0
DA:351,0
DA:352,0
DA:355,3
DA:356,0
DA:357,3
DA:358,3
DA:360,3
DA:361,0
DA:362,0
DA:363,0
DA:364,0
DA:365,0
DA:366,0
DA:367,0
DA:368,0
DA:369,0
DA:370,0
DA:371,0
DA:372,0
DA:373,0
DA:374,0
DA:379,0
DA:381,3
DA:382,3
DA:383,3
DA:384,3
DA:385,3
DA:386,3
DA:392,3
DA:393,3
DA:394,3
DA:395,3
DA:396,3
DA:400,3
DA:401,3
DA:402,3
DA:403,3
DA:407,3
DA:408,3
DA:409,3
DA:410,3
DA:417,3
DA:421,3
DA:423,1
LF:344
LH:111
BRDA:25,0,0,3
BRDA:360,1,0,0
BRDA:396,2,0,0
BRDA:403,3,0,0
BRDA:410,4,0,0
BRDA:310,5,0,9
BRDA:316,6,0,3
BRDA:355,7,0,0
BRF:8
BRH:3
end_of_record
TN:
SF:src\components\equipment\QRCodeDisplay.tsx
FN:18,QRCodeDisplay
FN:51,sanitizeFilename
FN:55,downloadQRCode
FN:87,copyQRCodeUrl
FN:103,onOpenChange
FN:162,onValueChange
FNF:6
FNH:6
FNDA:41,QRCodeDisplay
FNDA:39,sanitizeFilename
FNDA:2,downloadQRCode
FNDA:3,copyQRCodeUrl
FNDA:1,onOpenChange
FNDA:1,onValueChange
DA:1,1
DA:2,1
DA:3,1
DA:4,1
DA:5,1
DA:6,1
DA:7,1
DA:8,1
DA:9,1
DA:18,1
DA:19,41
DA:20,41
DA:21,41
DA:22,41
DA:24,41
DA:25,41
DA:27,41
DA:28,20
DA:29,20
DA:30,20
DA:31,20
DA:32,20
DA:33,20
DA:34,20
DA:35,20
DA:36,20
DA:37,18
DA:38,20
DA:39,1
DA:40,1
DA:41,1
DA:42,41
DA:44,41
DA:45,21
DA:46,20
DA:47,20
DA:48,41
DA:50,41
DA:51,41
DA:52,39
DA:53,39
DA:55,41
DA:56,2
DA:58,2
DA:59,2
DA:60,2
DA:61,2
DA:62,2
DA:63,2
DA:64,2
DA:65,2
DA:66,2
DA:67,2
DA:68,2
DA:70,2
DA:72,1
DA:73,2
DA:74,2
DA:75,2
DA:76,2
DA:77,2
DA:78,2
DA:80,2
DA:81,2
DA:82,1
DA:83,1
DA:84,1
DA:85,2
DA:87,41
DA:88,3
DA:89,3
DA:90,2
DA:91,2
DA:93,2
DA:94,2
DA:95,2
DA:96,3
DA:97,1
DA:98,1
DA:99,1
DA:100,3
DA:102,41
DA:103,41
DA:104,41
DA:105,41
DA:106,41
DA:107,41
DA:108,41
DA:112,41
DA:114,41
DA:115,41
DA:116,19
DA:117,19
DA:118,19
DA:119,19
DA:120,19
DA:124,41
DA:125,41
DA:131,41
DA:132,41
DA:135,41
DA:136,41
DA:137,41
DA:139,41
DA:140,41
DA:141,41
DA:142,41
DA:143,41
DA:144,41
DA:146,41
DA:147,2
DA:149,41
DA:151,41
DA:157,41
DA:158,41
DA:159,41
DA:162,41
DA:163,41
DA:164,41
DA:166,41
DA:167,41
DA:168,41
DA:173,41
DA:174,41
DA:175,41
DA:176,40
DA:177,40
DA:178,40
DA:183,41
DA:184,41
DA:185,41
DA:186,41
DA:187,41
DA:188,41
DA:189,41
DA:194,41
DA:195,41
DA:196,41
DA:197,41
DA:198,41
DA:200,41
DA:201,41
DA:203,41
DA:204,41
DA:205,41
DA:206,41
DA:207,41
DA:215,41
DA:217,1
LF:149
LH:149
BRDA:18,0,0,41
BRDA:104,1,0,0
BRDA:104,2,0,40
BRDA:108,3,0,2
BRDA:112,4,0,0
BRDA:112,5,0,40
BRDA:115,6,0,19
BRDA:116,7,0,0
BRDA:120,8,0,0
BRDA:124,9,0,0
BRDA:146,10,0,2
BRDA:151,11,0,2
BRDA:151,12,0,38
BRDA:27,13,0,20
BRDA:36,14,0,18
BRDA:38,15,0,1
BRDA:44,16,0,21
BRDA:45,17,0,20
BRDA:45,18,0,20
BRDA:51,19,0,39
BRDA:55,20,0,2
BRDA:56,21,0,0
BRDA:67,22,0,0
BRDA:70,23,0,1
BRDA:73,24,0,0
BRDA:81,25,0,1
BRDA:87,26,0,3
BRDA:89,27,0,2
BRDA:96,28,0,1
BRDA:93,29,0,2
BRDA:103,30,0,1
BRDA:162,31,0,1
BRDA:175,32,0,40
BRDA:176,33,0,38
BRDA:176,34,0,2
BRF:35
BRH:27
end_of_record
TN:
SF:src\components\organization\ChecklistTemplateEditor.tsx
FN:35,ChecklistTemplateEditor
FN:71,toggleSection
FN:81,addSection
FN:99,renameSection
FN:117,deleteSection
FN:133,addItem
FN:146,updateItem
FN:153,deleteItem
FN:158,moveItem
FN:184,handleSave
FN:236,onChange
FN:245,onChange
FN:276,onOpenChange
FN:289,onClick
FN:293,onClick
FN:300,onClick
FN:319,onChange
FN:327,onChange
FN:336,onCheckedChange
FN:347,onClick
FN:355,onClick
FN:363,onClick
FN:374,onClick
FNF:23
FNH:5
FNDA:23,ChecklistTemplateEditor
FNDA:0,toggleSection
FNDA:2,addSection
FNDA:0,renameSection
FNDA:0,deleteSection
FNDA:0,addItem
FNDA:0,updateItem
FNDA:0,deleteItem
FNDA:0,moveItem
FNDA:5,handleSave
FNDA:4,onChange
FNDA:1,onChange
FNDA:0,onOpenChange
FNDA:0,onClick
FNDA:0,onClick
FNDA:0,onClick
FNDA:0,onChange
FNDA:0,onChange
FNDA:0,onCheckedChange
FNDA:0,onClick
FNDA:0,onClick
FNDA:0,onClick
FNDA:0,onClick
DA:1,1
DA:35,1
DA:36,23
DA:37,23
DA:38,23
DA:39,23
DA:40,23
DA:41,23
DA:42,23
DA:43,23
DA:45,23
DA:46,23
DA:48,23
DA:49,11
DA:50,5
DA:51,5
DA:52,5
DA:54,5
DA:55,5
DA:56,5
DA:57,5
DA:58,23
DA:60,23
DA:61,23
DA:62,24
DA:63,13
DA:64,13
DA:65,24
DA:66,24
DA:67,23
DA:69,23
DA:71,23
DA:72,0
DA:73,0
DA:74,0
DA:75,0
DA:76,0
DA:77,0
DA:78,0
DA:79,0
DA:81,23
DA:82,2
DA:83,2
DA:84,2
DA:85,2
DA:86,2
DA:87,2
DA:88,2
DA:89,2
DA:90,2
DA:91,2
DA:92,2
DA:93,2
DA:94,2
DA:95,2
DA:96,2
DA:97,2
DA:99,23
DA:100,0
DA:101,0
DA:102,0
DA:103,0
DA:105,0
DA:107,0
DA:108,0
DA:109,0
DA:110,0
DA:111,0
DA:112,0
DA:113,0
DA:114,0
DA:115,0
DA:117,23
DA:118,0
DA:119,0
DA:120,0
DA:121,0
DA:122,0
DA:123,0
DA:125,0
DA:126,0
DA:128,0
DA:129,0
DA:130,0
DA:131,0
DA:133,23
DA:134,0
DA:135,0
DA:136,0
DA:137,0
DA:138,0
DA:139,0
DA:140,0
DA:141,0
DA:142,0
DA:143,0
DA:144,0
DA:146,23
DA:147,0
DA:148,0
DA:150,0
DA:151,0
DA:153,23
DA:154,0
DA:155,0
DA:156,0
DA:158,23
DA:159,0
DA:160,0
DA:162,0
DA:163,0
DA:165,0
DA:166,0
DA:167,0
DA:168,0
DA:169,0
DA:170,0
DA:171,0
DA:172,0
DA:173,0
DA:174,0
DA:175,0
DA:176,0
DA:177,0
DA:178,0
DA:179,0
DA:180,0
DA:181,0
DA:182,0
DA:184,23
DA:185,5
DA:186,1
DA:187,1
DA:188,1
DA:190,5
DA:191,1
DA:192,1
DA:193,1
DA:195,5
DA:196,0
DA:197,0
DA:198,0
DA:200,3
DA:201,5
DA:202,1
DA:203,1
DA:204,1
DA:205,1
DA:206,1
DA:207,1
DA:208,1
DA:209,1
DA:210,1
DA:211,5
DA:212,2
DA:213,2
DA:214,2
DA:215,2
DA:216,2
DA:217,2
DA:218,2
DA:219,3
DA:220,5
DA:221,0
DA:222,0
DA:223,5
DA:225,23
DA:227,23
DA:228,23
DA:230,23
DA:231,23
DA:232,23
DA:233,23
DA:234,23
DA:235,23
DA:236,23
DA:237,23
DA:240,23
DA:241,23
DA:242,23
DA:243,23
DA:244,23
DA:245,23
DA:246,23
DA:247,23
DA:253,23
DA:254,23
DA:255,23
DA:256,23
DA:257,23
DA:262,23
DA:263,10
DA:264,10
DA:269,23
DA:270,23
DA:271,13
DA:272,13
DA:274,13
DA:275,13
DA:276,13
DA:277,13
DA:278,13
DA:279,13
DA:280,13
DA:281,13
DA:282,8
DA:284,13
DA:286,13
DA:287,13
DA:289,13
DA:290,13
DA:291,13
DA:292,13
DA:293,13
DA:294,13
DA:297,13
DA:298,13
DA:299,13
DA:300,13
DA:302,13
DA:309,13
DA:310,13
DA:311,13
DA:312,13
DA:313,13
DA:314,13
DA:315,13
DA:316,13
DA:317,13
DA:318,13
DA:319,13
DA:320,13
DA:323,13
DA:324,13
DA:325,13
DA:326,13
DA:327,13
DA:328,13
DA:329,13
DA:332,13
DA:333,13
DA:334,13
DA:335,13
DA:336,13
DA:337,0
DA:340,13
DA:343,13
DA:344,13
DA:345,13
DA:346,13
DA:347,13
DA:348,13
DA:350,13
DA:352,13
DA:353,13
DA:354,13
DA:355,13
DA:356,13
DA:358,13
DA:360,13
DA:361,13
DA:362,13
DA:363,13
DA:365,13
DA:372,13
DA:373,13
DA:374,13
DA:375,13
DA:377,13
DA:378,13
DA:385,13
DA:391,23
DA:392,23
DA:393,23
DA:396,23
DA:397,23
DA:398,23
DA:403,23
LF:278
LH:198
BRDA:35,0,0,23
BRDA:40,1,0,11
BRDA:40,2,0,12
BRDA:41,3,0,11
BRDA:41,4,0,12
BRDA:42,5,0,11
BRDA:42,6,0,12
BRDA:225,7,0,22
BRDA:262,8,0,10
BRDA:398,9,0,11
BRDA:398,10,0,12
BRDA:48,11,0,11
BRDA:49,12,0,5
BRDA:51,13,0,0
BRDA:55,14,0,10
BRDA:61,15,0,24
BRDA:62,16,0,13
BRDA:81,17,0,2
BRDA:95,18,0,2
BRDA:184,19,0,5
BRDA:185,20,0,1
BRDA:188,21,0,4
BRDA:190,22,0,1
BRDA:193,23,0,3
BRDA:195,24,0,0
BRDA:198,25,0,3
BRDA:201,26,0,1
BRDA:211,27,0,2
BRDA:218,28,0,3
BRDA:220,29,0,0
BRDA:236,30,0,4
BRDA:245,31,0,1
BRDA:270,32,0,13
BRDA:281,33,0,8
BRDA:326,34,0,2
BRF:35
BRH:32
end_of_record
TN:
SF:src\components\pm-templates\TemplateAssignmentDialog.tsx
FN:23,TemplateAssignmentDialog
FN:44,handleSelectEquipment
FN:52,handleSelectAll
FN:64,handleAssignTemplate
FN:79,handleClose
FN:121,onChange
FN:150,onCheckedChange
FNF:7
FNH:6
FNDA:32,TemplateAssignmentDialog
FNDA:7,handleSelectEquipment
FNDA:1,handleSelectAll
FNDA:2,handleAssignTemplate
FNDA:0,handleClose
FNDA:3,onChange
FNDA:7,onCheckedChange
DA:1,1
DA:23,1
DA:24,32
DA:25,32
DA:26,32
DA:27,32
DA:28,32
DA:29,32
DA:30,32
DA:31,32
DA:33,32
DA:34,32
DA:36,32
DA:37,60
DA:38,5
DA:39,4
DA:42,32
DA:44,32
DA:45,7
DA:46,7
DA:47,7
DA:48,0
DA:49,0
DA:50,7
DA:52,32
DA:53,1
DA:54,1
DA:55,1
DA:56,1
DA:57,1
DA:58,0
DA:59,0
DA:60,0
DA:61,0
DA:62,1
DA:64,32
DA:65,2
DA:67,2
DA:68,2
DA:69,2
DA:70,2
DA:71,2
DA:72,2
DA:73,2
DA:74,2
DA:75,0
DA:76,0
DA:77,2
DA:79,32
DA:80,0
DA:81,0
DA:82,0
DA:84,32
DA:85,2
DA:86,2
DA:88,30
DA:89,30
DA:90,30
DA:91,30
DA:92,30
DA:93,30
DA:99,30
DA:100,32
DA:101,10
DA:103,32
DA:104,32
DA:105,32
DA:112,32
DA:113,32
DA:114,32
DA:115,32
DA:116,32
DA:117,32
DA:118,32
DA:119,32
DA:120,32
DA:121,32
DA:122,32
DA:126,32
DA:127,32
DA:128,32
DA:129,32
DA:131,32
DA:135,32
DA:136,32
DA:137,32
DA:138,32
DA:139,32
DA:144,32
DA:145,32
DA:146,32
DA:147,32
DA:148,32
DA:149,32
DA:150,32
DA:152,32
DA:153,32
DA:154,32
DA:155,32
DA:156,32
DA:157,32
DA:158,32
DA:163,32
DA:164,32
DA:166,32
DA:167,32
DA:176,32
DA:177,32
DA:180,32
DA:181,32
DA:182,32
DA:183,32
DA:185,32
DA:186,32
DA:192,32
LF:115
LH:104
BRDA:23,0,0,32
BRDA:84,1,0,2
BRDA:86,2,0,30
BRDA:100,3,0,26
BRDA:128,4,0,28
BRDA:182,5,0,8
BRDA:36,6,0,60
BRDA:37,7,0,5
BRDA:38,8,0,4
BRDA:42,9,0,57
BRDA:44,10,0,7
BRDA:47,11,0,0
BRDA:46,12,0,7
BRDA:52,13,0,1
BRDA:57,14,0,0
BRDA:55,15,0,2
BRDA:56,16,0,1
BRDA:64,17,0,2
BRDA:65,18,0,0
BRDA:74,19,0,0
BRDA:100,20,0,10
BRDA:101,21,0,10
BRDA:121,22,0,3
BRDA:128,23,0,36
BRDA:136,24,0,10
BRDA:136,25,0,12
BRDA:137,26,0,10
BRDA:137,27,0,12
BRDA:150,28,0,7
BRF:29
BRH:25
end_of_record
TN:
SF:src\components\providers\AppProviders.tsx
FN:23,AppProviders
FNF:1
FNH:1
FNDA:12,AppProviders
DA:1,1
DA:10,1
DA:11,1
DA:12,1
DA:13,1
DA:14,1
DA:15,1
DA:16,1
DA:17,1
DA:23,1
DA:24,12
DA:25,12
DA:26,12
DA:27,12
DA:28,12
DA:29,12
DA:30,12
DA:31,12
DA:36,12
DA:40,12
LF:20
LH:20
BRDA:23,0,0,12
BRF:1
BRH:1
end_of_record
TN:
SF:src\components\work-orders\PMProgressIndicator.tsx
FN:12,PMProgressIndicator
FN:24,calculateCompletionPercentage
FNF:2
FNH:2
FNDA:11,PMProgressIndicator
FNDA:7,calculateCompletionPercentage
DA:1,1
DA:2,1
DA:3,1
DA:4,1
DA:5,1
DA:12,1
DA:13,11
DA:15,11
DA:16,2
DA:17,2
DA:24,9
DA:25,7
DA:27,6
DA:28,6
DA:29,6
DA:31,11
DA:32,7
DA:33,2
DA:35,11
DA:37,11
DA:38,11
DA:39,11
DA:40,11
DA:41,2
DA:43,11
DA:45,11
DA:46,11
DA:50,11
DA:51,11
DA:52,11
DA:53,11
DA:54,11
DA:60,11
DA:62,1
LF:34
LH:34
BRDA:12,0,0,11
BRDA:15,1,0,10
BRDA:15,2,0,2
BRDA:17,3,0,9
BRDA:31,4,0,7
BRDA:31,5,0,7
BRDA:32,6,0,2
BRDA:35,7,0,9
BRDA:40,8,0,2
BRDA:46,9,0,2
BRDA:46,10,0,7
BRDA:50,11,0,7
BRDA:24,12,0,7
BRDA:25,13,0,1
BRDA:25,14,0,6
BRDA:27,15,0,18
BRDA:27,16,0,8
BRF:17
BRH:17
end_of_record
TN:
SF:src\components\work-orders\WorkOrderAcceptanceModal.tsx
FN:31,WorkOrderAcceptanceModal
FN:52,buildAssigneeOptions
FN:116,handleAccept
FNF:3
FNH:2
FNDA:14,WorkOrderAcceptanceModal
FNDA:14,buildAssigneeOptions
FNDA:0,handleAccept
DA:1,1
DA:2,1
DA:3,1
DA:4,1
DA:5,1
DA:6,1
DA:7,1
DA:8,1
DA:9,1
DA:10,1
DA:11,1
DA:12,1
DA:31,1
DA:32,14
DA:33,14
DA:34,14
DA:35,14
DA:36,14
DA:37,14
DA:38,14
DA:39,14
DA:40,14
DA:42,14
DA:43,14
DA:44,14
DA:45,14
DA:46,14
DA:48,14
DA:49,14
DA:51,14
DA:52,14
DA:53,14
DA:54,14
DA:55,14
DA:57,14
DA:58,14
DA:59,14
DA:60,14
DA:61,14
DA:62,14
DA:63,14
DA:64,14
DA:66,14
DA:67,0
DA:68,0
DA:69,0
DA:70,0
DA:71,0
DA:72,0
DA:73,0
DA:74,0
DA:75,0
DA:76,0
DA:77,0
DA:78,0
DA:80,0
DA:81,0
DA:82,0
DA:83,0
DA:84,0
DA:85,0
DA:86,0
DA:87,0
DA:88,0
DA:90,0
DA:91,0
DA:92,14
DA:93,14
DA:94,14
DA:95,14
DA:96,14
DA:97,0
DA:98,0
DA:99,0
DA:100,0
DA:101,0
DA:103,14
DA:104,14
DA:106,14
DA:107,14
DA:108,28
DA:111,14
DA:112,14
DA:114,14
DA:116,14
DA:117,0
DA:118,0
DA:119,0
DA:121,0
DA:122,0
DA:124,0
DA:125,0
DA:126,0
DA:127,0
DA:128,0
DA:129,0
DA:130,0
DA:131,0
DA:133,14
DA:134,14
DA:135,14
DA:136,0
DA:137,0
DA:138,14
DA:140,14
DA:141,14
DA:142,14
DA:143,14
DA:144,14
DA:145,14
DA:150,14
DA:151,14
DA:152,14
DA:153,14
DA:154,14
DA:155,14
DA:156,14
DA:162,14
DA:163,0
DA:164,0
DA:165,0
DA:170,14
DA:171,14
DA:172,14
DA:173,14
DA:174,14
DA:176,14
DA:177,14
DA:178,14
DA:179,14
DA:180,14
DA:181,14
DA:183,14
DA:185,14
DA:186,14
DA:187,14
DA:188,14
DA:189,14
DA:201,14
DA:202,14
DA:203,14
DA:204,14
DA:205,14
DA:206,14
DA:207,14
DA:210,14
DA:211,14
DA:212,14
DA:213,14
DA:215,14
DA:222,14
DA:224,1
LF:152
LH:106
BRDA:31,0,0,14
BRDA:46,1,0,0
BRDA:46,2,0,0
BRDA:154,3,0,0
BRDA:156,4,0,0
BRDA:162,5,0,0
BRDA:215,6,0,0
BRDA:52,7,0,14
BRDA:66,8,0,0
BRDA:66,9,0,0
BRDA:107,10,0,28
BRDA:108,11,0,42
BRDA:134,12,0,14
BRDA:135,13,0,0
BRDA:135,14,0,0
BRDA:135,15,0,0
BRDA:180,16,0,14
BRF:17
BRH:6
end_of_record
TN:
SF:src\contexts\AuthContext.tsx
FN:20,AuthProvider
FN:83,signUp
FN:100,signIn
FN:109,signInWithGoogle
FN:122,signOut
FNF:5
FNH:5
FNDA:25,AuthProvider
FNDA:1,signUp
FNDA:1,signIn
FNDA:1,signInWithGoogle
FNDA:2,signOut
DA:1,1
DA:16,1
DA:17,1
DA:20,1
DA:21,25
DA:22,25
DA:23,25
DA:25,25
DA:26,11
DA:28,11
DA:29,11
DA:30,11
DA:31,4
DA:32,4
DA:33,4
DA:34,4
DA:35,4
DA:36,4
DA:37,4
DA:39,4
DA:40,4
DA:41,4
DA:43,4
DA:44,4
DA:45,4
DA:47,4
DA:48,4
DA:49,3
DA:50,3
DA:51,1
DA:52,1
DA:53,1
DA:54,1
DA:55,1
DA:56,1
DA:57,1
DA:58,3
DA:60,4
DA:61,4
DA:62,1
DA:63,1
DA:64,4
DA:67,11
DA:68,11
DA:69,11
DA:70,11
DA:71,11
DA:72,11
DA:73,11
DA:74,11
DA:75,11
DA:76,11
DA:77,11
DA:78,11
DA:80,11
DA:81,25
DA:83,25
DA:84,1
DA:86,1
DA:87,1
DA:88,1
DA:89,1
DA:90,1
DA:91,1
DA:92,1
DA:93,1
DA:94,1
DA:95,1
DA:97,1
DA:98,1
DA:100,25
DA:101,1
DA:102,1
DA:103,1
DA:104,1
DA:106,1
DA:107,1
DA:109,25
DA:110,1
DA:112,1
DA:113,1
DA:114,1
DA:115,1
DA:116,1
DA:117,1
DA:119,1
DA:120,1
DA:122,25
DA:123,2
DA:124,2
DA:125,2
DA:127,2
DA:128,1
DA:129,1
DA:130,1
DA:131,2
DA:132,0
DA:133,2
DA:134,2
DA:135,2
DA:136,2
DA:137,2
DA:138,0
DA:139,0
DA:141,2
DA:142,2
DA:143,2
DA:144,2
DA:145,2
DA:147,25
DA:148,25
DA:149,25
DA:150,25
DA:151,25
DA:152,25
DA:153,25
DA:154,25
DA:155,25
DA:156,25
DA:157,25
DA:160,25
LF:121
LH:118
BRDA:20,0,0,25
BRDA:25,1,0,11
BRDA:30,2,0,4
BRDA:34,3,0,0
BRDA:44,4,0,0
BRDA:48,5,0,3
BRDA:48,6,0,3
BRDA:50,7,0,1
BRDA:61,8,0,1
BRDA:54,9,0,1
BRDA:68,10,0,11
BRDA:71,11,0,1
BRDA:71,12,0,10
BRDA:76,13,0,1
BRDA:76,14,0,10
BRDA:80,15,0,11
BRDA:83,16,0,1
BRDA:92,17,0,0
BRDA:100,18,0,1
BRDA:109,19,0,1
BRDA:122,20,0,2
BRDA:127,21,0,1
BRDA:131,22,0,0
BRDA:137,23,0,0
BRF:24
BRH:19
end_of_record
TN:
SF:src\contexts\OrganizationContext.tsx
FNF:0
FNH:0
DA:2,1
LF:1
LH:1
BRF:0
BRH:0
end_of_record
TN:
SF:src\contexts\SessionContext.tsx
FN:56,SessionProvider
FN:115,onVisibilityChange
FNF:2
FNH:2
FNDA:19,SessionProvider
FNDA:2,onVisibilityChange
DA:1,1
DA:52,1
DA:56,1
DA:57,19
DA:58,19
DA:59,19
DA:60,19
DA:62,19
DA:63,19
DA:64,19
DA:65,19
DA:66,19
DA:67,19
DA:68,19
DA:69,19
DA:70,19
DA:71,19
DA:72,19
DA:74,19
DA:75,1
DA:76,1
DA:77,19
DA:79,19
DA:80,0
DA:81,19
DA:83,19
DA:84,1
DA:85,19
DA:87,19
DA:88,0
DA:89,19
DA:91,19
DA:92,0
DA:93,19
DA:95,19
DA:96,0
DA:97,0
DA:98,19
DA:100,19
DA:101,0
DA:102,19
DA:104,19
DA:105,1
DA:106,1
DA:107,1
DA:108,1
DA:109,1
DA:110,1
DA:111,19
DA:113,19
DA:114,19
DA:115,19
DA:116,2
DA:117,1
DA:118,1
DA:119,1
DA:120,2
DA:121,19
DA:122,19
DA:124,19
DA:125,19
DA:126,11
DA:128,11
DA:129,5
DA:130,5
DA:131,5
DA:133,5
DA:134,5
DA:135,1
DA:136,1
DA:137,1
DA:138,11
DA:139,6
DA:140,6
DA:141,6
DA:142,19
DA:144,19
DA:145,19
DA:146,19
DA:147,19
DA:148,19
DA:149,19
DA:150,19
DA:151,19
DA:152,19
DA:153,19
DA:154,19
DA:155,19
DA:156,19
DA:157,19
DA:158,19
DA:161,19
LF:92
LH:86
BRDA:56,0,0,19
BRDA:142,1,0,18
BRDA:74,2,0,1
BRDA:83,3,0,1
BRDA:104,4,0,1
BRDA:115,5,0,2
BRDA:116,6,0,1
BRDA:125,7,0,11
BRDA:128,8,0,5
BRDA:128,9,0,5
BRDA:134,10,0,1
BRDA:138,11,0,6
BRDA:136,12,0,1
BRDA:140,13,0,6
BRF:14
BRH:14
end_of_record
TN:
SF:src\contexts\SimpleOrganizationContext.tsx
FNF:0
FNH:0
DA:1,1
DA:30,1
LF:2
LH:2
BRF:0
BRH:0
end_of_record
TN:
SF:src\contexts\SimpleOrganizationProvider.tsx
FN:14,SimpleOrganizationProvider
FNF:1
FNH:0
FNDA:0,SimpleOrganizationProvider
DA:1,1
DA:12,1
DA:14,1
DA:15,0
DA:16,0
DA:17,0
DA:19,0
DA:20,0
DA:22,0
DA:23,0
DA:24,0
DA:25,0
DA:26,0
DA:27,0
DA:28,0
DA:29,0
DA:30,0
DA:31,0
DA:32,0
DA:34,0
DA:35,0
DA:36,0
DA:37,0
DA:38,0
DA:39,0
DA:40,0
DA:41,0
DA:42,0
DA:43,0
DA:45,0
DA:47,0
DA:48,0
DA:49,0
DA:50,0
DA:51,0
DA:52,0
DA:54,0
DA:55,0
DA:56,0
DA:57,0
DA:59,0
DA:60,0
DA:61,0
DA:62,0
DA:64,0
DA:65,0
DA:66,0
DA:67,0
DA:68,0
DA:69,0
DA:71,0
DA:72,0
DA:73,0
DA:74,0
DA:76,0
DA:77,0
DA:78,0
DA:79,0
DA:80,0
DA:81,0
DA:82,0
DA:83,0
DA:84,0
DA:85,0
DA:86,0
DA:87,0
DA:88,0
DA:89,0
DA:90,0
DA:91,0
DA:92,0
DA:93,0
DA:95,0
DA:96,0
DA:97,0
DA:98,0
DA:99,0
DA:100,0
DA:101,0
DA:103,0
DA:104,0
DA:105,0
DA:107,0
DA:108,0
DA:109,0
DA:110,0
DA:111,0
DA:113,0
DA:114,0
DA:116,0
DA:117,0
DA:118,0
DA:119,0
DA:120,0
DA:122,0
DA:124,0
DA:125,0
DA:126,0
DA:128,0
DA:129,0
DA:130,0
DA:131,0
DA:132,0
DA:133,0
DA:134,0
DA:135,0
DA:136,0
DA:137,0
DA:138,0
DA:139,0
DA:140,0
DA:141,0
DA:142,0
DA:143,0
DA:145,0
DA:146,0
DA:147,0
DA:148,0
DA:149,0
DA:150,0
DA:151,0
DA:152,0
DA:154,0
DA:156,0
DA:157,0
DA:158,0
DA:159,0
DA:160,0
DA:161,0
DA:162,0
DA:163,0
DA:164,0
DA:165,0
DA:166,0
DA:168,0
DA:169,0
DA:170,0
DA:171,0
DA:172,0
DA:173,0
DA:174,0
DA:175,0
DA:176,0
DA:177,0
DA:178,0
DA:180,0
DA:181,0
DA:182,0
DA:183,0
DA:185,0
DA:186,0
DA:187,0
DA:188,0
DA:189,0
DA:190,0
DA:191,0
DA:192,0
DA:193,0
DA:194,0
DA:195,0
DA:196,0
DA:197,0
DA:198,0
DA:199,0
DA:200,0
DA:201,0
DA:203,0
DA:204,0
DA:205,0
DA:206,0
DA:207,0
DA:208,0
DA:209,0
DA:210,0
DA:211,0
DA:213,0
DA:214,0
DA:215,0
DA:216,0
DA:217,0
DA:218,0
DA:219,0
DA:220,0
DA:222,0
DA:223,0
DA:224,0
DA:226,0
DA:228,0
DA:229,0
DA:230,0
DA:232,0
DA:233,0
DA:234,0
DA:235,0
DA:236,0
DA:237,0
DA:238,0
DA:239,0
DA:240,0
DA:241,0
DA:242,0
DA:244,0
DA:245,0
DA:246,0
DA:249,0
LF:205
LH:3
BRF:0
BRH:0
end_of_record
TN:
SF:src\integrations\supabase\client.ts
FNF:0
FNH:0
DA:1,1
DA:5,1
DA:6,1
DA:8,1
DA:9,0
DA:10,0
DA:12,0
DA:14,1
DA:15,1
DA:17,1
DA:18,1
DA:19,1
DA:20,1
DA:21,1
DA:22,1
DA:23,1
DA:24,1
DA:25,1
DA:26,1
DA:27,1
DA:28,1
LF:21
LH:18
BRDA:8,0,0,0
BRF:1
BRH:0
end_of_record
TN:
SF:src\lib\queryKeys.ts
FN:5,organization
FN:17,team
FN:23,teams
FN:32,list
FN:35,listOptimized
FN:36,byId
FN:37,notes
FN:40,notesOptimized
FN:41,workingHours
FN:51,list
FN:54,enhanced
FN:55,optimized
FN:56,byId
FN:57,teamBased
FN:59,myWorkOrders
FN:68,list
FNF:16
FNH:1
FNDA:0,organization
FNDA:0,team
FNDA:0,teams
FNDA:0,list
FNDA:0,listOptimized
FNDA:0,byId
FNDA:0,notes
FNDA:0,notesOptimized
FNDA:0,workingHours
FNDA:0,list
FNDA:0,enhanced
FNDA:0,optimized
FNDA:0,byId
FNDA:0,teamBased
FNDA:0,myWorkOrders
FNDA:10,list
DA:1,1
DA:2,1
DA:4,1
DA:5,1
DA:6,0
DA:7,0
DA:8,0
DA:9,0
DA:10,0
DA:11,0
DA:12,0
DA:13,0
DA:14,0
DA:16,1
DA:17,1
DA:18,0
DA:19,0
DA:20,0
DA:21,0
DA:23,1
DA:24,0
DA:25,0
DA:26,0
DA:27,0
DA:29,1
DA:30,1
DA:31,1
DA:32,1
DA:33,0
DA:34,0
DA:35,1
DA:36,1
DA:37,1
DA:38,0
DA:39,0
DA:40,1
DA:41,1
DA:42,0
DA:43,0
DA:44,1
DA:45,1
DA:46,1
DA:48,1
DA:49,1
DA:50,1
DA:51,1
DA:52,0
DA:53,0
DA:54,1
DA:55,1
DA:56,1
DA:57,1
DA:58,0
DA:59,1
DA:60,1
DA:61,1
DA:62,1
DA:63,1
DA:65,1
DA:66,1
DA:67,1
DA:68,1
DA:69,1
DA:70,1
DA:72,1
DA:73,1
DA:74,1
DA:75,1
DA:76,1
DA:77,1
DA:78,1
DA:79,1
DA:80,1
LF:73
LH:47
BRDA:68,0,0,10
BRF:1
BRH:1
end_of_record
TN:
SF:src\lib\safeJsonParse.ts
FN:4,safeJsonParse
FNF:1
FNH:1
FNDA:8,safeJsonParse
DA:1,1
DA:3,1
DA:4,1
DA:5,8
DA:6,8
DA:7,8
DA:9,8
DA:11,8
DA:12,8
DA:13,8
DA:14,4
DA:15,3
DA:16,3
DA:17,3
DA:18,4
DA:19,4
DA:20,8
LF:17
LH:17
BRDA:4,0,0,8
BRDA:13,1,0,4
BRDA:14,2,0,3
BRDA:15,3,0,2
BRDA:15,4,0,1
BRF:5
BRH:5
end_of_record
TN:
SF:src\lib\utils.ts
FN:4,cn
FN:8,isLightColor
FN:32,dateToISOString
FNF:3
FNH:1
FNDA:18682,cn
FNDA:0,isLightColor
FNDA:0,dateToISOString
DA:1,1
DA:4,1
DA:5,18682
DA:6,18682
DA:8,1
DA:9,0
DA:10,0
DA:12,0
DA:13,0
DA:14,0
DA:15,0
DA:17,0
DA:18,0
DA:19,0
DA:21,0
DA:22,0
DA:23,0
DA:25,0
DA:26,0
DA:28,0
DA:29,0
DA:31,1
DA:32,1
DA:33,0
DA:34,0
DA:35,0
LF:26
LH:7
BRDA:4,0,0,18682
BRF:1
BRH:1
end_of_record
TN:
SF:src\pages\Dashboard.tsx
FN:12,Dashboard
FNF:1
FNH:1
FNDA:6,Dashboard
DA:1,1
DA:2,1
DA:3,1
DA:4,1
DA:5,1
DA:6,1
DA:7,1
DA:8,1
DA:9,1
DA:10,1
DA:12,1
DA:13,6
DA:14,6
DA:16,6
DA:17,6
DA:18,6
DA:19,6
DA:21,6
DA:24,6
DA:25,1
DA:26,1
DA:27,1
DA:28,1
DA:29,1
DA:35,1
DA:37,5
DA:38,6
DA:39,0
DA:40,0
DA:41,0
DA:42,0
DA:43,0
DA:44,0
DA:47,0
DA:48,0
DA:49,0
DA:50,0
DA:51,0
DA:57,0
DA:59,6
DA:60,1
DA:61,1
DA:62,1
DA:63,1
DA:64,1
DA:65,1
DA:68,1
DA:69,1
DA:70,1
DA:71,1
DA:72,1
DA:73,1
DA:74,1
DA:76,1
DA:77,1
DA:78,1
DA:79,1
DA:80,1
DA:81,1
DA:83,1
DA:84,1
DA:85,1
DA:86,1
DA:87,1
DA:88,1
DA:90,1
DA:91,1
DA:92,1
DA:93,1
DA:94,1
DA:95,1
DA:100,1
DA:102,6
DA:103,6
DA:104,6
DA:106,6
DA:107,6
DA:108,6
DA:109,6
DA:110,6
DA:111,6
DA:116,6
DA:117,6
DA:118,6
DA:119,6
DA:120,6
DA:121,6
DA:122,6
DA:123,6
DA:126,6
DA:127,6
DA:128,6
DA:129,6
DA:130,6
DA:131,6
DA:132,6
DA:135,6
DA:136,6
DA:137,6
DA:138,6
DA:139,6
DA:140,6
DA:141,6
DA:144,6
DA:145,6
DA:146,6
DA:147,6
DA:148,6
DA:149,6
DA:150,6
DA:155,6
DA:157,6
DA:159,6
DA:160,6
DA:161,6
DA:162,6
DA:163,6
DA:166,6
DA:171,6
DA:172,6
DA:173,0
DA:174,0
DA:175,0
DA:178,6
DA:179,1
DA:180,1
DA:181,1
DA:182,1
DA:183,1
DA:184,1
DA:186,1
DA:187,1
DA:188,1
DA:189,1
DA:192,1
DA:193,1
DA:194,1
DA:195,1
DA:198,1
DA:204,6
DA:210,6
DA:211,6
DA:212,6
DA:213,6
DA:214,6
DA:217,6
DA:222,6
DA:223,6
DA:224,0
DA:225,0
DA:226,0
DA:229,6
DA:230,0
DA:231,0
DA:232,0
DA:233,0
DA:234,0
DA:235,0
DA:237,0
DA:238,0
DA:239,0
DA:240,0
DA:243,0
DA:244,0
DA:245,0
DA:246,0
DA:249,0
DA:255,6
DA:262,6
DA:263,6
DA:264,6
DA:265,6
DA:266,6
DA:269,6
DA:270,6
DA:273,6
DA:274,6
DA:275,6
DA:276,6
DA:277,6
DA:278,6
DA:279,6
DA:281,6
DA:282,6
DA:283,6
DA:284,6
DA:285,6
DA:286,6
DA:290,6
DA:299,6
DA:301,1
LF:191
LH:158
BRDA:12,0,0,6
BRDA:14,1,0,5
BRDA:21,2,0,5
BRDA:24,3,0,1
BRDA:35,4,0,5
BRDA:38,5,0,4
BRDA:38,6,0,0
BRDA:57,7,0,5
BRDA:59,8,0,1
BRDA:100,9,0,4
BRDA:102,10,0,0
BRDA:103,11,0,4
BRDA:103,12,0,0
BRDA:104,13,0,4
BRDA:104,14,0,0
BRDA:120,15,0,4
BRDA:120,16,0,1
BRDA:121,17,0,4
BRDA:121,18,0,1
BRDA:129,19,0,4
BRDA:129,20,0,2
BRDA:138,21,0,4
BRDA:138,22,0,1
BRDA:139,23,0,4
BRDA:139,24,0,4
BRDA:172,25,0,0
BRDA:178,26,0,1
BRDA:223,27,0,0
BRDA:229,28,0,0
BRDA:194,29,0,2
BRDA:194,30,0,1
BRDA:195,31,0,0
BRF:32
BRH:24
end_of_record
TN:
SF:src\pages\DebugAuth.tsx
FN:6,DebugAuth
FNF:1
FNH:0
FNDA:0,DebugAuth
DA:1,1
DA:2,1
DA:3,1
DA:4,1
DA:6,1
DA:7,0
DA:9,0
DA:10,0
DA:11,0
DA:12,0
DA:13,0
DA:15,0
DA:16,0
DA:17,0
DA:18,0
DA:19,0
DA:20,0
DA:22,0
DA:23,0
DA:24,0
DA:27,0
DA:28,0
DA:29,0
DA:30,0
DA:34,0
DA:35,0
DA:36,0
DA:37,0
DA:41,0
DA:42,0
DA:45,0
DA:48,0
DA:57,0
DA:59,1
LF:34
LH:6
BRF:0
BRH:0
end_of_record
TN:
SF:src\pages\Equipment.tsx
FN:20,Equipment
FN:78,handleAddEquipment
FN:84,handleCloseForm
FN:89,handleExportCSV
FN:124,onImportCsv
FN:167,onClose
FN:174,onClose
FNF:7
FNH:2
FNDA:5,Equipment
FNDA:1,handleAddEquipment
FNDA:0,handleCloseForm
FNDA:0,handleExportCSV
FNDA:0,onImportCsv
FNDA:0,onClose
FNDA:0,onClose
DA:1,1
DA:2,1
DA:3,1
DA:4,1
DA:5,1
DA:6,1
DA:7,1
DA:8,1
DA:11,1
DA:12,1
DA:13,1
DA:14,1
DA:15,1
DA:16,1
DA:17,1
DA:18,1
DA:20,1
DA:21,5
DA:22,5
DA:23,5
DA:24,5
DA:25,5
DA:27,5
DA:28,5
DA:29,5
DA:30,5
DA:31,5
DA:32,5
DA:33,5
DA:34,5
DA:35,5
DA:36,5
DA:37,5
DA:38,5
DA:39,5
DA:40,5
DA:42,5
DA:43,5
DA:44,5
DA:45,5
DA:46,5
DA:48,5
DA:49,5
DA:50,3
DA:51,3
DA:52,3
DA:53,0
DA:54,0
DA:55,0
DA:56,5
DA:58,5
DA:59,5
DA:61,5
DA:62,1
DA:63,1
DA:64,1
DA:65,1
DA:66,1
DA:72,1
DA:74,5
DA:75,1
DA:76,1
DA:78,3
DA:79,1
DA:80,1
DA:81,1
DA:84,3
DA:85,0
DA:86,0
DA:87,0
DA:89,3
DA:90,0
DA:92,0
DA:93,0
DA:94,0
DA:95,0
DA:96,0
DA:97,0
DA:99,0
DA:100,0
DA:101,0
DA:102,0
DA:103,0
DA:104,0
DA:105,0
DA:106,0
DA:107,0
DA:108,0
DA:109,0
DA:110,0
DA:111,0
DA:112,0
DA:113,0
DA:115,3
DA:117,3
DA:118,3
DA:119,3
DA:120,3
DA:121,3
DA:122,3
DA:123,3
DA:124,3
DA:127,3
DA:128,3
DA:129,3
DA:130,3
DA:131,3
DA:132,3
DA:133,3
DA:136,3
DA:137,3
DA:138,3
DA:139,3
DA:140,3
DA:141,3
DA:142,3
DA:143,3
DA:146,3
DA:147,3
DA:148,3
DA:149,3
DA:150,3
DA:151,3
DA:152,3
DA:153,3
DA:157,3
DA:158,3
DA:159,3
DA:160,3
DA:164,3
DA:165,5
DA:166,5
DA:167,5
DA:168,5
DA:172,5
DA:173,5
DA:174,5
DA:175,5
DA:176,5
DA:180,5
DA:182,1
LF:141
LH:113
BRDA:20,0,0,5
BRDA:40,1,0,4
BRDA:61,2,0,1
BRDA:72,3,0,4
BRDA:74,4,0,1
BRDA:76,5,0,3
BRDA:165,6,0,2
BRDA:168,7,0,1
BRDA:49,8,0,3
BRDA:50,9,0,0
BRDA:52,10,0,0
BRDA:78,11,0,1
BRDA:168,12,0,7
BRF:13
BRH:11
end_of_record
TN:
SF:src\pages\PMTemplates.tsx
FN:38,TemplateCard
FN:113,onClick
FN:125,onClick
FN:139,onClick
FN:166,onClick
FN:182,PMTemplates
FN:230,handleCreateTemplate
FN:234,handleEditTemplate
FN:238,handleCloseEditor
FN:242,handleApplyTemplate
FN:246,handleCloseApplication
FN:250,handleCloneTemplate
FN:256,handleConfirmClone
FN:261,onSuccess
FN:270,handleDeleteTemplate
FN:402,onOpenChange
FN:425,onOpenChange
FN:439,onChange
FN:445,onClick
FNF:19
FNH:11
FNDA:34,TemplateCard
FNDA:1,onClick
FNDA:2,onClick
FNDA:1,onClick
FNDA:0,onClick
FNDA:22,PMTemplates
FNDA:1,handleCreateTemplate
FNDA:1,handleEditTemplate
FNDA:0,handleCloseEditor
FNDA:1,handleApplyTemplate
FNDA:0,handleCloseApplication
FNDA:2,handleCloneTemplate
FNDA:1,handleConfirmClone
FNDA:0,onSuccess
FNDA:0,handleDeleteTemplate
FNDA:0,onOpenChange
FNDA:0,onOpenChange
FNDA:1,onChange
FNDA:0,onClick
DA:1,1
DA:2,1
DA:3,1
DA:4,1
DA:5,1
DA:6,1
DA:7,1
DA:8,1
DA:9,1
DA:10,1
DA:11,1
DA:12,1
DA:13,1
DA:14,1
DA:15,1
DA:16,1
DA:38,1
DA:39,34
DA:40,34
DA:41,34
DA:42,34
DA:43,34
DA:44,34
DA:45,34
DA:46,34
DA:47,34
DA:48,34
DA:49,34
DA:50,34
DA:52,34
DA:53,34
DA:54,34
DA:56,34
DA:57,34
DA:58,34
DA:59,34
DA:60,34
DA:61,34
DA:62,34
DA:63,34
DA:64,34
DA:68,34
DA:69,34
DA:70,34
DA:77,34
DA:78,34
DA:79,34
DA:83,34
DA:85,34
DA:86,34
DA:87,34
DA:88,34
DA:89,34
DA:90,34
DA:91,34
DA:94,34
DA:95,34
DA:96,34
DA:103,34
DA:104,34
DA:105,34
DA:110,34
DA:111,34
DA:112,34
DA:113,34
DA:114,34
DA:115,34
DA:117,34
DA:121,34
DA:122,34
DA:123,34
DA:124,34
DA:125,34
DA:126,34
DA:127,34
DA:128,34
DA:130,34
DA:131,34
DA:135,34
DA:136,34
DA:137,34
DA:138,34
DA:139,34
DA:140,34
DA:142,34
DA:147,34
DA:148,34
DA:149,34
DA:150,34
DA:151,34
DA:154,34
DA:155,34
DA:156,34
DA:157,34
DA:158,34
DA:159,34
DA:160,34
DA:163,34
DA:164,34
DA:165,34
DA:166,34
DA:167,34
DA:168,34
DA:180,34
DA:182,1
DA:183,22
DA:184,22
DA:185,22
DA:186,22
DA:188,22
DA:189,22
DA:190,22
DA:191,22
DA:193,22
DA:194,22
DA:196,22
DA:197,22
DA:198,22
DA:200,22
DA:201,22
DA:202,22
DA:204,22
DA:205,1
DA:206,1
DA:207,1
DA:208,1
DA:209,1
DA:215,1
DA:217,22
DA:218,1
DA:219,1
DA:220,1
DA:221,1
DA:222,1
DA:228,1
DA:230,20
DA:231,1
DA:232,1
DA:234,20
DA:235,1
DA:236,1
DA:238,20
DA:239,0
DA:240,0
DA:242,20
DA:243,1
DA:244,1
DA:246,20
DA:247,0
DA:248,0
DA:250,20
DA:251,2
DA:252,2
DA:253,2
DA:254,2
DA:256,20
DA:257,1
DA:258,1
DA:259,1
DA:260,1
DA:261,1
DA:262,0
DA:263,0
DA:264,0
DA:265,1
DA:267,1
DA:268,1
DA:270,20
DA:271,0
DA:272,0
DA:274,20
DA:275,22
DA:276,22
DA:278,22
DA:279,22
DA:281,22
DA:282,22
DA:283,22
DA:284,22
DA:285,22
DA:286,22
DA:290,22
DA:291,22
DA:292,22
DA:293,22
DA:294,22
DA:296,22
DA:297,22
DA:303,22
DA:304,22
DA:305,22
DA:306,22
DA:308,22
DA:313,22
DA:314,1
DA:315,1
DA:316,1
DA:317,1
DA:318,1
DA:319,1
DA:320,1
DA:322,1
DA:323,1
DA:324,1
DA:329,22
DA:330,18
DA:332,18
DA:333,18
DA:334,18
DA:335,18
DA:338,18
DA:339,18
DA:340,18
DA:341,18
DA:342,18
DA:343,18
DA:344,18
DA:345,18
DA:346,18
DA:347,18
DA:348,18
DA:349,18
DA:357,18
DA:358,18
DA:359,18
DA:360,18
DA:363,18
DA:364,18
DA:365,18
DA:366,18
DA:367,18
DA:368,18
DA:369,18
DA:370,18
DA:371,18
DA:372,18
DA:373,18
DA:374,18
DA:382,22
DA:383,22
DA:384,22
DA:385,22
DA:386,22
DA:387,22
DA:388,22
DA:389,0
DA:391,22
DA:392,22
DA:393,22
DA:401,22
DA:402,22
DA:403,22
DA:404,22
DA:405,22
DA:407,22
DA:408,22
DA:409,22
DA:410,22
DA:416,22
DA:417,22
DA:418,22
DA:419,22
DA:420,22
DA:425,22
DA:426,22
DA:427,22
DA:428,22
DA:429,22
DA:433,22
DA:434,22
DA:435,22
DA:436,22
DA:437,22
DA:438,22
DA:439,22
DA:440,22
DA:444,22
DA:445,22
DA:448,22
DA:449,22
DA:450,22
DA:452,22
DA:459,22
DA:461,1
LF:284
LH:274
BRDA:38,0,0,34
BRDA:49,1,0,0
BRDA:50,2,0,0
BRDA:52,3,0,16
BRDA:52,4,0,16
BRDA:53,5,0,16
BRDA:53,6,0,16
BRDA:128,7,0,2
BRDA:128,8,0,32
BRDA:159,9,0,0
BRDA:160,10,0,0
BRDA:113,11,0,1
BRDA:125,12,0,2
BRDA:139,13,0,1
BRDA:182,14,0,22
BRDA:194,15,0,20
BRDA:204,16,0,1
BRDA:215,17,0,21
BRDA:217,18,0,1
BRDA:228,19,0,20
BRDA:275,20,0,19
BRDA:275,21,0,1
BRDA:276,22,0,19
BRDA:276,23,0,1
BRDA:279,24,0,2
BRDA:294,25,0,2
BRDA:294,26,0,18
BRDA:313,27,0,1
BRDA:329,28,0,1
BRDA:329,29,0,18
BRDA:388,30,0,0
BRDA:405,31,0,1
BRDA:405,32,0,1
BRDA:408,33,0,1
BRDA:408,34,0,1
BRDA:450,35,0,3
BRDA:452,36,0,0
BRDA:452,37,0,20
BRDA:230,38,0,1
BRDA:234,39,0,1
BRDA:242,40,0,1
BRDA:250,41,0,2
BRDA:252,42,0,0
BRDA:251,43,0,2
BRDA:256,44,0,1
BRDA:275,45,0,36
BRDA:276,46,0,36
BRDA:439,47,0,1
BRF:48
BRH:41
end_of_record
TN:
SF:src\pages\PrivacyPolicy.tsx
FN:6,PrivacyPolicy
FNF:1
FNH:1
FNDA:34,PrivacyPolicy
DA:1,1
DA:6,1
DA:7,34
DA:8,34
DA:9,34
DA:10,34
DA:11,34
DA:12,34
DA:16,34
DA:17,34
DA:18,34
DA:19,34
DA:24,34
DA:25,34
DA:26,34
DA:27,34
DA:29,34
DA:30,34
DA:31,34
DA:32,34
DA:33,34
DA:34,34
DA:35,34
DA:36,34
DA:37,34
DA:39,34
DA:47,34
DA:48,34
DA:49,34
DA:51,34
DA:52,34
DA:55,34
DA:56,34
DA:57,34
DA:61,34
DA:62,34
DA:66,34
DA:67,34
DA:70,34
DA:71,34
DA:74,34
DA:75,34
DA:83,34
DA:84,34
DA:85,34
DA:87,34
DA:88,34
DA:91,34
DA:92,34
DA:95,34
DA:99,34
DA:102,34
DA:105,34
DA:108,34
DA:111,34
DA:118,34
DA:119,34
DA:120,34
DA:122,34
DA:123,34
DA:126,34
DA:127,34
DA:128,34
DA:132,34
DA:133,34
DA:136,34
DA:137,34
DA:140,34
DA:141,34
DA:144,34
DA:145,34
DA:152,34
DA:153,34
DA:154,34
DA:156,34
DA:157,34
DA:166,34
DA:167,34
DA:168,34
DA:170,34
DA:171,34
DA:178,34
DA:179,34
DA:180,34
DA:182,34
DA:183,34
DA:191,34
DA:192,34
DA:193,34
DA:195,34
DA:196,34
DA:204,34
DA:205,34
DA:206,34
DA:208,34
DA:209,34
DA:212,34
DA:213,34
DA:214,34
DA:215,34
DA:216,34
DA:217,34
DA:218,34
DA:219,34
DA:220,34
DA:222,34
DA:230,34
LF:107
LH:107
BRDA:6,0,0,34
BRF:1
BRH:1
end_of_record
TN:
SF:src\pages\QRRedirect.tsx
FN:6,QRRedirect
FNF:1
FNH:1
FNDA:14,QRRedirect
DA:1,1
DA:2,1
DA:3,1
DA:4,1
DA:6,1
DA:7,14
DA:9,14
DA:10,14
DA:12,1
LF:9
LH:9
BRDA:6,0,0,14
BRF:1
BRH:1
end_of_record
TN:
SF:src\pages\TeamDetails.tsx
FN:16,TeamDetails
FN:48,onClick
FN:60,onClick
FN:74,handleDeleteTeam
FN:95,onClick
FN:115,onClick
FN:185,onClick
FN:202,onClose
FN:208,onClose
FNF:9
FNH:1
FNDA:3,TeamDetails
FNDA:0,onClick
FNDA:0,onClick
FNDA:0,handleDeleteTeam
FNDA:0,onClick
FNDA:0,onClick
FNDA:0,onClick
FNDA:0,onClose
FNDA:0,onClose
DA:1,1
DA:2,1
DA:3,1
DA:4,1
DA:5,1
DA:6,1
DA:8,1
DA:9,1
DA:10,1
DA:11,1
DA:12,1
DA:13,1
DA:14,1
DA:16,1
DA:17,3
DA:18,3
DA:19,3
DA:20,3
DA:21,3
DA:23,3
DA:24,3
DA:25,3
DA:26,3
DA:28,3
DA:29,0
DA:30,0
DA:31,0
DA:32,0
DA:33,0
DA:34,0
DA:35,0
DA:41,0
DA:43,3
DA:44,0
DA:45,0
DA:46,0
DA:47,0
DA:48,0
DA:49,0
DA:51,0
DA:54,0
DA:55,0
DA:56,0
DA:57,0
DA:60,0
DA:67,0
DA:69,3
DA:70,3
DA:71,3
DA:72,3
DA:74,3
DA:75,0
DA:77,0
DA:78,0
DA:80,0
DA:81,0
DA:82,0
DA:83,0
DA:84,0
DA:85,0
DA:86,0
DA:88,3
DA:89,3
DA:91,3
DA:92,3
DA:93,3
DA:94,3
DA:95,3
DA:96,3
DA:98,3
DA:101,3
DA:102,3
DA:103,3
DA:104,3
DA:106,3
DA:107,3
DA:111,3
DA:112,3
DA:113,3
DA:114,3
DA:115,3
DA:116,3
DA:118,3
DA:122,3
DA:123,3
DA:124,3
DA:125,3
DA:126,3
DA:128,3
DA:136,3
DA:137,3
DA:138,3
DA:139,3
DA:143,3
DA:144,3
DA:145,3
DA:146,3
DA:149,3
DA:150,3
DA:151,3
DA:152,3
DA:154,3
DA:155,3
DA:156,3
DA:157,3
DA:160,3
DA:161,3
DA:162,3
DA:171,3
DA:172,3
DA:173,3
DA:174,3
DA:175,3
DA:176,3
DA:179,3
DA:183,3
DA:184,3
DA:185,3
DA:186,3
DA:188,3
DA:194,3
DA:195,3
DA:200,3
DA:201,3
DA:202,3
DA:203,3
DA:206,3
DA:207,3
DA:208,3
DA:209,3
DA:213,3
DA:215,1
LF:132
LH:101
BRDA:16,0,0,3
BRDA:28,1,0,0
BRDA:43,2,0,0
BRDA:146,3,0,0
BRF:4
BRH:1
end_of_record
TN:
SF:src\pages\Teams.tsx
FN:14,Teams
FN:30,getRoleIcon
FN:45,getRoleColor
FN:102,onClick
FN:115,onChange
FN:142,onClick
FN:223,onClick
FN:238,onClose
FNF:8
FNH:5
FNDA:6,Teams
FNDA:2,getRoleIcon
FNDA:2,getRoleColor
FNDA:1,onClick
FNDA:0,onChange
FNDA:0,onClick
FNDA:1,onClick
FNDA:0,onClose
DA:1,1
DA:2,1
DA:3,1
DA:4,1
DA:5,1
DA:6,1
DA:7,1
DA:8,1
DA:9,1
DA:10,1
DA:11,1
DA:12,1
DA:14,1
DA:15,6
DA:16,6
DA:17,6
DA:18,6
DA:19,6
DA:20,6
DA:22,6
DA:24,6
DA:25,6
DA:26,2
DA:27,0
DA:30,6
DA:31,2
DA:32,2
DA:33,2
DA:34,2
DA:35,2
DA:36,2
DA:37,2
DA:38,2
DA:39,2
DA:40,2
DA:41,2
DA:42,2
DA:43,2
DA:45,6
DA:46,2
DA:47,2
DA:48,2
DA:49,2
DA:50,0
DA:51,2
DA:52,0
DA:53,2
DA:54,0
DA:55,2
DA:56,0
DA:57,2
DA:58,2
DA:60,6
DA:61,1
DA:62,1
DA:63,1
DA:64,1
DA:65,1
DA:66,1
DA:72,1
DA:73,1
DA:74,1
DA:75,1
DA:76,1
DA:77,1
DA:79,1
DA:80,1
DA:81,1
DA:82,1
DA:90,1
DA:92,6
DA:93,6
DA:94,6
DA:95,6
DA:96,6
DA:97,6
DA:101,6
DA:102,6
DA:103,6
DA:110,6
DA:111,6
DA:112,6
DA:113,6
DA:114,6
DA:115,6
DA:116,6
DA:121,6
DA:122,3
DA:123,3
DA:124,3
DA:125,3
DA:126,0
DA:127,0
DA:128,0
DA:133,0
DA:134,3
DA:135,3
DA:136,3
DA:137,3
DA:138,0
DA:141,3
DA:142,3
DA:143,3
DA:152,6
DA:153,6
DA:154,6
DA:155,6
DA:156,6
DA:157,6
DA:158,6
DA:159,6
DA:161,6
DA:162,6
DA:168,6
DA:170,6
DA:171,6
DA:172,6
DA:173,6
DA:178,6
DA:179,6
DA:180,6
DA:181,6
DA:182,2
DA:183,2
DA:185,2
DA:186,2
DA:187,2
DA:188,2
DA:189,2
DA:192,2
DA:193,2
DA:194,2
DA:196,2
DA:197,2
DA:198,2
DA:199,2
DA:204,2
DA:205,6
DA:206,6
DA:207,6
DA:210,6
DA:211,6
DA:219,6
DA:220,6
DA:221,6
DA:222,6
DA:223,6
DA:224,6
DA:226,6
DA:236,6
DA:237,6
DA:238,6
DA:239,6
DA:243,6
DA:245,1
LF:155
LH:145
BRDA:14,0,0,6
BRDA:60,1,0,1
BRDA:121,2,0,3
BRDA:125,3,0,0
BRDA:137,4,0,0
BRDA:239,5,0,5
BRDA:239,6,0,0
BRDA:25,7,0,2
BRDA:26,8,0,0
BRDA:30,9,0,2
BRDA:45,10,0,2
BRDA:49,11,0,0
BRDA:51,12,0,0
BRDA:53,13,0,0
BRDA:55,14,0,0
BRDA:102,15,0,1
BRDA:162,16,0,0
BRDA:181,17,0,2
BRDA:182,18,0,0
BRDA:183,19,0,0
BRDA:189,20,0,4
BRDA:223,21,0,1
BRF:22
BRH:11
end_of_record
TN:
SF:src\pages\TermsOfService.tsx
FN:6,TermsOfService
FNF:1
FNH:1
FNDA:27,TermsOfService
DA:1,1
DA:6,1
DA:7,27
DA:8,27
DA:9,27
DA:10,27
DA:11,27
DA:12,27
DA:16,27
DA:17,27
DA:18,27
DA:19,27
DA:24,27
DA:25,27
DA:26,27
DA:27,27
DA:29,27
DA:30,27
DA:31,27
DA:32,27
DA:33,27
DA:34,27
DA:35,27
DA:36,27
DA:37,27
DA:39,27
DA:46,27
DA:47,27
DA:48,27
DA:50,27
DA:51,27
DA:60,27
DA:61,27
DA:62,27
DA:64,27
DA:65,27
DA:74,27
DA:75,27
DA:76,27
DA:78,27
DA:79,27
DA:83,27
DA:84,27
DA:85,27
DA:89,27
DA:90,27
DA:91,27
DA:98,27
DA:99,27
DA:100,27
DA:102,27
DA:103,27
DA:112,27
DA:113,27
DA:114,27
DA:116,27
DA:117,27
DA:124,27
DA:125,27
DA:126,27
DA:128,27
DA:129,27
DA:138,27
DA:139,27
DA:140,27
DA:142,27
DA:143,27
DA:151,27
DA:152,27
DA:153,27
DA:155,27
DA:156,27
DA:163,27
DA:164,27
DA:165,27
DA:167,27
DA:168,27
DA:170,27
DA:171,27
DA:172,27
DA:173,27
DA:174,27
DA:175,27
DA:176,27
DA:179,27
DA:184,27
DA:185,27
DA:186,27
DA:188,27
DA:189,27
DA:197,27
DA:198,27
DA:199,27
DA:201,27
DA:202,27
DA:210,27
DA:211,27
DA:212,27
DA:214,27
DA:215,27
DA:218,27
DA:219,27
DA:220,27
DA:221,27
DA:222,27
DA:223,27
DA:224,27
DA:225,27
DA:226,27
DA:235,27
LF:110
LH:110
BRDA:6,0,0,27
BRF:1
BRH:1
end_of_record
TN:
SF:src\pages\WorkOrders.tsx
FN:23,WorkOrders
FN:75,handleStatusUpdate
FN:89,handleAcceptClick
FN:93,handleAcceptance
FN:105,handleQuickFilter
FN:111,handleAssignClick
FN:138,getSubtitle
FN:151,onCreateClick
FN:158,onAssignAll
FN:184,onCreateClick
FN:186,onReopenClick
FN:203,onClose
FN:210,onClose
FNF:13
FNH:4
FNDA:15,WorkOrders
FNDA:0,handleStatusUpdate
FNDA:0,handleAcceptClick
FNDA:0,handleAcceptance
FNDA:0,handleQuickFilter
FNDA:0,handleAssignClick
FNDA:14,getSubtitle
FNDA:2,onCreateClick
FNDA:0,onAssignAll
FNDA:0,onCreateClick
FNDA:0,onReopenClick
FNDA:1,onClose
FNDA:0,onClose
DA:1,1
DA:2,1
DA:3,1
DA:4,1
DA:5,1
DA:6,1
DA:7,1
DA:8,1
DA:9,1
DA:11,1
DA:12,1
DA:13,1
DA:15,1
DA:16,1
DA:17,1
DA:18,1
DA:19,1
DA:20,1
DA:21,1
DA:23,1
DA:24,15
DA:25,15
DA:26,15
DA:27,15
DA:28,15
DA:29,15
DA:31,15
DA:32,15
DA:33,15
DA:34,15
DA:35,15
DA:37,15
DA:38,15
DA:40,15
DA:41,15
DA:42,15
DA:44,15
DA:45,15
DA:46,15
DA:49,15
DA:50,15
DA:51,15
DA:52,15
DA:53,15
DA:54,15
DA:55,15
DA:56,15
DA:57,15
DA:59,15
DA:60,15
DA:61,15
DA:62,15
DA:63,15
DA:64,0
DA:65,0
DA:66,0
DA:67,15
DA:69,15
DA:70,15
DA:71,0
DA:72,15
DA:73,15
DA:75,15
DA:76,0
DA:78,0
DA:79,0
DA:80,0
DA:81,0
DA:82,0
DA:83,0
DA:84,0
DA:85,0
DA:86,0
DA:87,0
DA:89,15
DA:90,0
DA:91,0
DA:93,15
DA:94,0
DA:96,0
DA:97,0
DA:98,0
DA:99,0
DA:100,0
DA:102,0
DA:103,0
DA:105,15
DA:106,0
DA:107,0
DA:108,0
DA:111,15
DA:112,0
DA:113,0
DA:114,0
DA:116,15
DA:118,15
DA:119,1
DA:120,1
DA:121,1
DA:122,1
DA:123,1
DA:125,1
DA:126,1
DA:127,1
DA:132,1
DA:135,14
DA:137,15
DA:138,15
DA:139,14
DA:140,1
DA:141,14
DA:142,12
DA:143,13
DA:144,1
DA:145,1
DA:146,14
DA:148,15
DA:149,15
DA:150,15
DA:151,15
DA:152,15
DA:155,15
DA:156,15
DA:157,15
DA:158,15
DA:159,15
DA:163,15
DA:165,15
DA:166,15
DA:167,15
DA:168,15
DA:169,15
DA:170,15
DA:171,15
DA:172,15
DA:173,15
DA:174,15
DA:177,15
DA:178,15
DA:179,15
DA:180,15
DA:181,15
DA:182,15
DA:183,15
DA:184,15
DA:185,15
DA:186,15
DA:191,15
DA:192,15
DA:193,15
DA:194,15
DA:201,15
DA:202,15
DA:203,15
DA:207,15
DA:208,15
DA:209,15
DA:210,15
DA:211,15
DA:212,15
DA:213,15
DA:218,15
DA:220,1
LF:163
LH:132
BRDA:23,0,0,15
BRDA:116,1,0,14
BRDA:118,2,0,1
BRDA:132,3,0,14
BRDA:163,4,0,0
BRDA:163,5,0,14
BRDA:165,6,0,0
BRDA:165,7,0,14
BRDA:60,8,0,15
BRDA:61,9,0,0
BRDA:63,10,0,0
BRDA:138,11,0,14
BRDA:139,12,0,1
BRDA:141,13,0,13
BRDA:141,14,0,12
BRDA:142,15,0,0
BRDA:143,16,0,1
BRDA:151,17,0,2
BRDA:203,18,0,1
BRF:19
BRH:14
end_of_record
TN:
SF:src\types\csvImport.ts
FNF:0
FNH:0
DA:76,1
DA:77,1
DA:78,1
DA:79,1
DA:80,1
DA:81,1
DA:82,1
DA:83,1
LF:8
LH:8
BRF:0
BRH:0
end_of_record
TN:
SF:src\types\equipment.ts
FN:45,createEquipmentValidationSchema
FNF:1
FNH:0
FNDA:0,createEquipmentValidationSchema
DA:1,1
DA:3,1
DA:4,1
DA:5,1
DA:6,1
DA:7,1
DA:8,1
DA:9,1
DA:11,1
DA:12,1
DA:13,1
DA:14,1
DA:15,1
DA:16,1
DA:17,1
DA:26,1
DA:27,1
DA:28,1
DA:29,1
DA:30,1
DA:31,1
DA:32,1
DA:33,1
DA:34,1
DA:35,1
DA:36,1
DA:37,1
DA:38,1
DA:39,1
DA:40,1
DA:41,1
DA:42,1
DA:44,1
DA:45,1
DA:46,0
DA:47,0
DA:48,0
DA:50,0
DA:51,0
DA:52,0
DA:53,0
DA:55,0
DA:56,0
DA:57,0
DA:58,0
DA:60,0
DA:61,0
DA:62,0
DA:63,0
DA:66,0
DA:67,0
DA:68,0
DA:69,0
DA:70,0
DA:71,0
LF:55
LH:34
BRF:0
BRH:0
end_of_record
TN:
SF:src\utils\basicDateFormatter.ts
FN:6,formatDate
FN:21,formatDateTime
FN:36,getRelativeTime
FNF:3
FNH:3
FNDA:2,formatDate
FNDA:2,formatDateTime
FNDA:3,getRelativeTime
DA:1,1
DA:3,1
DA:5,1
DA:6,1
DA:7,2
DA:8,2
DA:9,2
DA:10,1
DA:11,1
DA:12,1
DA:13,2
DA:14,0
DA:15,0
DA:16,2
DA:18,1
DA:20,1
DA:21,1
DA:22,2
DA:23,2
DA:24,2
DA:25,1
DA:26,1
DA:27,1
DA:28,2
DA:29,0
DA:30,0
DA:31,2
DA:33,1
DA:35,1
DA:36,1
DA:37,3
DA:38,3
DA:39,3
DA:40,1
DA:41,1
DA:43,2
DA:44,2
DA:46,2
DA:47,3
DA:48,1
DA:49,1
DA:51,1
DA:52,3
DA:53,0
DA:54,0
DA:55,3
LF:46
LH:40
BRDA:6,0,0,2
BRDA:9,1,0,1
BRDA:13,2,0,0
BRDA:21,3,0,2
BRDA:24,4,0,1
BRDA:28,5,0,0
BRDA:36,6,0,3
BRDA:39,7,0,1
BRDA:41,8,0,2
BRDA:47,9,0,1
BRDA:52,10,0,0
BRF:11
BRH:8
end_of_record
TN:
SF:src\utils\csvImportUtils.ts
FN:6,normalizeHeader
FN:19,toSnakeCase
FN:32,normalizeCanonicalKey
FN:42,autoMapHeaders
FN:109,isEmptyCell
FN:121,resolveDuplicateHeaders
FN:162,mapRowData
FN:196,inferType
FN:228,parseDate
FN:241,isNewerDate
FN:255,validateCreateRule
FN:273,stripBOM
FN:280,generateImportId
FN:287,downloadErrorsCSV
FNF:14
FNH:4
FNDA:317,normalizeHeader
FNDA:7,toSnakeCase
FNDA:0,normalizeCanonicalKey
FNDA:5,autoMapHeaders
FNDA:0,isEmptyCell
FNDA:0,resolveDuplicateHeaders
FNDA:0,mapRowData
FNDA:0,inferType
FNDA:0,parseDate
FNDA:0,isNewerDate
FNDA:0,validateCreateRule
FNDA:0,stripBOM
FNDA:3,generateImportId
FNDA:0,downloadErrorsCSV
DA:1,1
DA:3,1
DA:5,1
DA:6,1
DA:7,317
DA:8,317
DA:9,317
DA:10,317
DA:11,317
DA:12,317
DA:13,317
DA:14,317
DA:16,1
DA:18,1
DA:19,1
DA:20,7
DA:21,7
DA:22,7
DA:23,7
DA:24,7
DA:25,7
DA:26,7
DA:27,7
DA:29,1
DA:31,1
DA:32,1
DA:33,0
DA:34,0
DA:35,0
DA:36,0
DA:37,0
DA:39,1
DA:41,1
DA:42,1
DA:43,5
DA:44,5
DA:46,5
DA:47,5
DA:48,5
DA:50,5
DA:51,14
DA:52,14
DA:53,13
DA:54,13
DA:55,13
DA:56,14
DA:57,14
DA:58,14
DA:60,5
DA:61,14
DA:62,14
DA:63,14
DA:65,14
DA:66,14
DA:67,68
DA:69,68
DA:70,6
DA:71,6
DA:72,6
DA:73,6
DA:74,6
DA:75,6
DA:76,6
DA:77,6
DA:78,68
DA:80,8
DA:81,8
DA:82,1
DA:83,0
DA:84,1
DA:85,14
DA:86,1
DA:87,1
DA:88,1
DA:89,1
DA:90,1
DA:91,1
DA:92,1
DA:93,1
DA:95,7
DA:96,7
DA:97,7
DA:98,7
DA:99,7
DA:100,7
DA:101,7
DA:102,7
DA:103,7
DA:104,5
DA:106,1
DA:108,1
DA:109,1
DA:110,0
DA:111,0
DA:112,0
DA:113,0
DA:114,0
DA:115,0
DA:116,0
DA:118,1
DA:120,1
DA:121,1
DA:122,0
DA:123,0
DA:125,0
DA:126,0
DA:128,0
DA:129,0
DA:130,0
DA:131,0
DA:132,0
DA:133,0
DA:134,0
DA:135,0
DA:137,0
DA:138,0
DA:139,0
DA:140,0
DA:141,0
DA:143,0
DA:144,0
DA:145,0
DA:146,0
DA:147,0
DA:149,0
DA:150,0
DA:151,0
DA:152,0
DA:153,0
DA:154,0
DA:156,0
DA:157,0
DA:159,1
DA:161,1
DA:162,1
DA:163,0
DA:164,0
DA:165,0
DA:167,0
DA:169,0
DA:170,0
DA:171,0
DA:172,0
DA:173,0
DA:174,0
DA:175,0
DA:176,0
DA:177,0
DA:178,0
DA:179,0
DA:181,0
DA:182,0
DA:183,0
DA:184,0
DA:185,0
DA:186,0
DA:187,0
DA:188,0
DA:190,0
DA:191,0
DA:193,1
DA:195,1
DA:196,1
DA:197,0
DA:199,0
DA:201,0
DA:202,0
DA:203,0
DA:204,0
DA:206,0
DA:207,0
DA:208,0
DA:209,0
DA:210,0
DA:212,0
DA:213,0
DA:214,0
DA:215,0
DA:216,0
DA:217,0
DA:218,0
DA:219,0
DA:220,0
DA:222,0
DA:223,0
DA:225,1
DA:227,1
DA:228,1
DA:229,0
DA:231,0
DA:232,0
DA:234,0
DA:235,0
DA:236,0
DA:238,1
DA:240,1
DA:241,1
DA:242,0
DA:244,0
DA:245,0
DA:247,0
DA:249,0
DA:250,0
DA:252,1
DA:254,1
DA:255,1
DA:256,0
DA:257,0
DA:258,0
DA:260,0
DA:261,0
DA:262,0
DA:264,0
DA:265,0
DA:266,0
DA:267,0
DA:268,0
DA:270,1
DA:272,1
DA:273,1
DA:274,0
DA:275,0
DA:277,1
DA:279,1
DA:280,1
DA:281,3
DA:282,3
DA:284,1
DA:286,1
DA:287,1
DA:288,0
DA:289,0
DA:291,0
DA:293,0
DA:294,0
DA:295,0
DA:296,0
DA:298,0
DA:299,0
DA:300,0
DA:301,0
DA:302,0
DA:304,0
DA:306,0
DA:307,0
DA:308,0
DA:309,0
DA:310,0
DA:311,0
DA:312,0
DA:313,0
DA:314,0
DA:315,0
LF:253
LH:115
BRDA:6,0,0,317
BRDA:19,1,0,7
BRDA:42,2,0,5
BRDA:50,3,0,14
BRDA:52,4,0,13
BRDA:60,5,0,14
BRDA:66,6,0,68
BRDA:67,7,0,8
BRDA:67,8,0,60
BRDA:69,9,0,6
BRDA:78,10,0,8
BRDA:81,11,0,1
BRDA:82,12,0,0
BRDA:83,13,0,0
BRDA:85,14,0,1
BRDA:93,15,0,7
BRDA:69,16,0,282
BRDA:280,17,0,3
BRF:18
BRH:16
end_of_record
TN:
SF:src\utils\currencyUtils.ts
FN:2,formatCurrency
FNF:1
FNH:1
FNDA:6,formatCurrency
DA:2,1
DA:3,6
DA:4,6
DA:5,6
DA:6,6
DA:7,6
DA:8,6
LF:7
LH:7
BRDA:2,0,0,6
BRF:1
BRH:1
end_of_record
TN:
SF:src\utils\equipmentHelpers.ts
FN:13,getStatusColor
FN:26,filterEquipment
FNF:2
FNH:2
FNDA:4,getStatusColor
FNDA:3,filterEquipment
DA:13,1
DA:14,4
DA:15,4
DA:16,1
DA:17,4
DA:18,1
DA:19,4
DA:20,1
DA:21,4
DA:22,1
DA:23,4
DA:24,4
DA:26,1
DA:27,3
DA:28,3
DA:29,3
DA:31,3
DA:32,6
DA:33,1
DA:34,1
DA:35,1
DA:36,6
DA:37,6
DA:38,6
DA:39,3
LF:25
LH:25
BRDA:13,0,0,4
BRDA:15,1,0,1
BRDA:17,2,0,1
BRDA:19,3,0,1
BRDA:21,4,0,1
BRDA:26,5,0,3
BRDA:31,6,0,6
BRDA:32,7,0,1
BRDA:33,8,0,1
BRDA:34,9,0,1
BRDA:36,10,0,4
BRDA:37,11,0,5
BRF:12
BRH:12
end_of_record
TN:
SF:src\utils\sessionPersistence.ts
FN:15,saveOrganizationPreference
FN:28,getOrganizationPreference
FN:53,clearOrganizationPreference
FN:62,shouldRefreshSession
FN:77,getSessionStorageKey
FN:78,getSessionVersion
FNF:6
FNH:2
FNDA:0,saveOrganizationPreference
FNDA:0,getOrganizationPreference
FNDA:0,clearOrganizationPreference
FNDA:0,shouldRefreshSession
FNDA:22,getSessionStorageKey
FNDA:22,getSessionVersion
DA:2,1
DA:3,1
DA:4,1
DA:15,1
DA:16,0
DA:17,0
DA:18,0
DA:19,0
DA:20,0
DA:21,0
DA:22,0
DA:23,0
DA:24,0
DA:25,0
DA:26,0
DA:28,1
DA:29,0
DA:30,0
DA:31,0
DA:33,0
DA:35,0
DA:36,0
DA:37,0
DA:39,0
DA:40,0
DA:41,0
DA:42,0
DA:43,0
DA:45,0
DA:46,0
DA:47,0
DA:48,0
DA:49,0
DA:50,0
DA:51,0
DA:53,1
DA:54,0
DA:55,0
DA:56,0
DA:57,0
DA:58,0
DA:59,0
DA:60,0
DA:62,1
DA:63,0
DA:65,0
DA:66,0
DA:67,0
DA:69,0
DA:70,0
DA:71,0
DA:72,0
DA:73,0
DA:74,0
DA:75,0
DA:77,1
DA:78,1
LF:57
LH:9
BRDA:77,0,0,22
BRDA:78,1,0,22
BRF:2
BRH:2
end_of_record
TN:
SF:src\utils\validationHelpers.ts
FN:8,createValidationContext
FN:26,canUserManageTeam
FN:43,validateTeamAssignment
FNF:3
FNH:3
FNDA:10,createValidationContext
FNDA:6,canUserManageTeam
FNDA:5,validateTeamAssignment
DA:1,1
DA:5,1
DA:7,1
DA:8,1
DA:9,10
DA:10,10
DA:11,10
DA:13,10
DA:14,10
DA:15,10
DA:16,10
DA:17,5
DA:18,5
DA:19,5
DA:20,10
DA:21,10
DA:23,1
DA:25,1
DA:26,1
DA:27,6
DA:28,6
DA:30,6
DA:31,2
DA:32,2
DA:34,4
DA:35,4
DA:36,3
DA:38,4
DA:40,1
DA:42,1
DA:43,1
DA:44,5
DA:45,5
DA:47,5
DA:48,5
DA:49,2
DA:50,2
DA:52,3
DA:53,5
DA:54,1
DA:55,1
DA:56,1
DA:57,1
DA:58,1
DA:60,2
DA:61,2
DA:62,5
DA:63,1
DA:64,1
DA:65,1
DA:66,1
DA:67,1
DA:69,1
DA:70,1
LF:54
LH:54
BRDA:8,0,0,10
BRDA:16,1,0,5
BRDA:26,2,0,6
BRDA:30,3,0,5
BRDA:30,4,0,2
BRDA:32,5,0,4
BRDA:35,6,0,4
BRDA:35,7,0,3
BRDA:36,8,0,1
BRDA:43,9,0,5
BRDA:48,10,0,4
BRDA:48,11,0,2
BRDA:50,12,0,3
BRDA:53,13,0,1
BRDA:58,14,0,2
BRDA:62,15,0,1
BRF:16
BRH:16
end_of_record
